[
  {
    "projectId": "93a824dc-ff59-41a3-bb5d-aa09ef77071a",
    "testId": "75409c03-c4dd-4fee-b8da-7b724cf68f51",
    "userId": "14587408-2041-709c-2dd9-ad292a904eac",
    "title": "TC001-Verify landing page loads with featured sections",
    "description": "Check that the landing page loads successfully and displays all featured sections including hero, featured products, testimonials, categories, and Instagram feed.",
    "code": "import asyncio\nfrom playwright import async_api\nfrom playwright.async_api import expect\n\nasync def run_test():\n    pw = None\n    browser = None\n    context = None\n    \n    try:\n        # Start a Playwright session in asynchronous mode\n        pw = await async_api.async_playwright().start()\n        \n        # Launch a Chromium browser in headless mode with custom arguments\n        browser = await pw.chromium.launch(\n            headless=True,\n            args=[\n                \"--window-size=1280,720\",         # Set the browser window size\n                \"--disable-dev-shm-usage\",        # Avoid using /dev/shm which can cause issues in containers\n                \"--ipc=host\",                     # Use host-level IPC for better stability\n                \"--single-process\"                # Run the browser in a single process mode\n            ],\n        )\n        \n        # Create a new browser context (like an incognito window)\n        context = await browser.new_context()\n        context.set_default_timeout(5000)\n        \n        # Open a new page in the browser context\n        page = await context.new_page()\n        \n        # Navigate to your target URL and wait until the network request is committed\n        await page.goto(\"http://localhost:3000\", wait_until=\"commit\", timeout=10000)\n        \n        # Wait for the main page to reach DOMContentLoaded state (optional for stability)\n        try:\n            await page.wait_for_load_state(\"domcontentloaded\", timeout=3000)\n        except async_api.Error:\n            pass\n        \n        # Iterate through all iframes and wait for them to load as well\n        for frame in page.frames:\n            try:\n                await frame.wait_for_load_state(\"domcontentloaded\", timeout=3000)\n            except async_api.Error:\n                pass\n        \n        # Interact with the page elements to simulate user flow\n        # --> Assertions to verify final state\n        frame = context.pages[-1]\n        await expect(frame.locator('text=✨ PREMIUM JEWELRY COLLECTION').first).to_be_visible(timeout=30000)\n        await expect(frame.locator('text=Diamond Solitaire Ring').first).to_be_visible(timeout=30000)\n        await expect(frame.locator('text=Ruby Drop Earrings').first).to_be_visible(timeout=30000)\n        await expect(frame.locator('text=I bought my daughter\\'s wedding jewelry from AJ Abhi Jewels. The gold work is really beautiful and Abhi sir personally helped us choose everything. Very happy with the quality and service.').first).to_be_visible(timeout=30000)\n        await expect(frame.locator('text=Rings').first).to_be_visible(timeout=30000)\n        await expect(frame.locator('text=Necklaces').first).to_be_visible(timeout=30000)\n        await expect(frame.locator('text=Earrings').first).to_be_visible(timeout=30000)\n        await expect(frame.locator('text=Bridal Collection').first).to_be_visible(timeout=30000)\n        await expect(frame.locator('text=Follow @ajabhijewels').first).to_be_visible(timeout=30000)\n        await asyncio.sleep(5)\n    \n    finally:\n        if context:\n            await context.close()\n        if browser:\n            await browser.close()\n        if pw:\n            await pw.stop()\n            \nasyncio.run(run_test())\n    ",
    "testStatus": "PASSED",
    "testError": "",
    "testType": "FRONTEND",
    "createFrom": "mcp",
    "testVisualization": "https://testsprite-videos.s3.us-east-1.amazonaws.com/14587408-2041-709c-2dd9-ad292a904eac/1767287471816526//tmp/test_task/result.webm",
    "created": "2026-01-01T17:04:17.588Z",
    "modified": "2026-01-01T17:11:11.970Z"
  },
  {
    "projectId": "93a824dc-ff59-41a3-bb5d-aa09ef77071a",
    "testId": "7ba59a03-cd5e-4d18-b162-1a047f84b8a8",
    "userId": "14587408-2041-709c-2dd9-ad292a904eac",
    "title": "TC002-Product browsing with category filtering and search",
    "description": "Validate that users can browse products by categories, apply filters, and use the smart search function to find products.",
    "code": "import asyncio\nfrom playwright import async_api\nfrom playwright.async_api import expect\n\nasync def run_test():\n    pw = None\n    browser = None\n    context = None\n    \n    try:\n        # Start a Playwright session in asynchronous mode\n        pw = await async_api.async_playwright().start()\n        \n        # Launch a Chromium browser in headless mode with custom arguments\n        browser = await pw.chromium.launch(\n            headless=True,\n            args=[\n                \"--window-size=1280,720\",         # Set the browser window size\n                \"--disable-dev-shm-usage\",        # Avoid using /dev/shm which can cause issues in containers\n                \"--ipc=host\",                     # Use host-level IPC for better stability\n                \"--single-process\"                # Run the browser in a single process mode\n            ],\n        )\n        \n        # Create a new browser context (like an incognito window)\n        context = await browser.new_context()\n        context.set_default_timeout(5000)\n        \n        # Open a new page in the browser context\n        page = await context.new_page()\n        \n        # Navigate to your target URL and wait until the network request is committed\n        await page.goto(\"http://localhost:3000\", wait_until=\"commit\", timeout=10000)\n        \n        # Wait for the main page to reach DOMContentLoaded state (optional for stability)\n        try:\n            await page.wait_for_load_state(\"domcontentloaded\", timeout=3000)\n        except async_api.Error:\n            pass\n        \n        # Iterate through all iframes and wait for them to load as well\n        for frame in page.frames:\n            try:\n                await frame.wait_for_load_state(\"domcontentloaded\", timeout=3000)\n            except async_api.Error:\n                pass\n        \n        # Interact with the page elements to simulate user flow\n        # -> Click on 'Collections' button to navigate to product collections page\n        frame = context.pages[-1]\n        # Click on 'Collections' button to navigate to product collections page\n        elem = frame.locator('xpath=html/body/div/main/section[2]/div/div[2]/div/a').nth(0)\n        await page.wait_for_timeout(3000); await elem.click(timeout=5000)\n        \n\n        # -> Enter a search term in the smart search input to test dynamic search results update\n        frame = context.pages[-1]\n        # Enter 'Diamond' in the smart search input to test dynamic search results update\n        elem = frame.locator('xpath=html/body/div/header/div[2]/div/div/div/div/input').nth(0)\n        await page.wait_for_timeout(3000); await elem.fill('Diamond')\n        \n\n        # -> Clear filters and search input to verify full product grid restoration\n        frame = context.pages[-1]\n        # Clear the smart search input to reset search\n        elem = frame.locator('xpath=html/body/div/header/div[2]/div/div/div/div/input').nth(0)\n        await page.wait_for_timeout(3000); await elem.fill('')\n        \n\n        # -> Click on the 'In Stock' filter dropdown (index 20) to open options and select 'All Products' to clear the filter\n        frame = context.pages[-1]\n        # Click on 'In Stock' filter dropdown to open options\n        elem = frame.locator('xpath=html/body/div/main/div/div[2]/div/div/select').nth(0)\n        await page.wait_for_timeout(3000); await elem.click(timeout=5000)\n        \n\n        # --> Assertions to verify final state\n        frame = context.pages[-1]\n        await expect(frame.locator('text=RINGS').first).to_be_visible(timeout=30000)\n        await expect(frame.locator('text=Diamond Solitaire Ring').first).to_be_visible(timeout=30000)\n        await expect(frame.locator('text=Sapphire Halo Ring').first).to_be_visible(timeout=30000)\n        await expect(frame.locator('text=Diamond Solitaire Ring').first).to_be_visible(timeout=30000)\n        await expect(frame.locator('text=Sapphire Halo Ring').first).to_be_visible(timeout=30000)\n        await expect(frame.locator('text=Diamond Solitaire Ring').first).to_be_visible(timeout=30000)\n        await expect(frame.locator('text=Sapphire Halo Ring').first).to_be_visible(timeout=30000)\n        await asyncio.sleep(5)\n    \n    finally:\n        if context:\n            await context.close()\n        if browser:\n            await browser.close()\n        if pw:\n            await pw.stop()\n            \nasyncio.run(run_test())\n    ",
    "testStatus": "PASSED",
    "testError": "",
    "testType": "FRONTEND",
    "createFrom": "mcp",
    "testVisualization": "https://testsprite-videos.s3.us-east-1.amazonaws.com/14587408-2041-709c-2dd9-ad292a904eac/176728732468156//tmp/test_task/result.webm",
    "created": "2026-01-01T17:04:17.594Z",
    "modified": "2026-01-01T17:08:44.859Z"
  },
  {
    "projectId": "93a824dc-ff59-41a3-bb5d-aa09ef77071a",
    "testId": "cea8dd5f-36bd-488a-8e46-57fa948bef57",
    "userId": "14587408-2041-709c-2dd9-ad292a904eac",
    "title": "TC003-Display product details and related products",
    "description": "Ensure that product detail pages load correct product information, images, specifications, and show relevant related products.",
    "code": "import asyncio\nfrom playwright import async_api\nfrom playwright.async_api import expect\n\nasync def run_test():\n    pw = None\n    browser = None\n    context = None\n    \n    try:\n        # Start a Playwright session in asynchronous mode\n        pw = await async_api.async_playwright().start()\n        \n        # Launch a Chromium browser in headless mode with custom arguments\n        browser = await pw.chromium.launch(\n            headless=True,\n            args=[\n                \"--window-size=1280,720\",         # Set the browser window size\n                \"--disable-dev-shm-usage\",        # Avoid using /dev/shm which can cause issues in containers\n                \"--ipc=host\",                     # Use host-level IPC for better stability\n                \"--single-process\"                # Run the browser in a single process mode\n            ],\n        )\n        \n        # Create a new browser context (like an incognito window)\n        context = await browser.new_context()\n        context.set_default_timeout(5000)\n        \n        # Open a new page in the browser context\n        page = await context.new_page()\n        \n        # Navigate to your target URL and wait until the network request is committed\n        await page.goto(\"http://localhost:3000\", wait_until=\"commit\", timeout=10000)\n        \n        # Wait for the main page to reach DOMContentLoaded state (optional for stability)\n        try:\n            await page.wait_for_load_state(\"domcontentloaded\", timeout=3000)\n        except async_api.Error:\n            pass\n        \n        # Iterate through all iframes and wait for them to load as well\n        for frame in page.frames:\n            try:\n                await frame.wait_for_load_state(\"domcontentloaded\", timeout=3000)\n            except async_api.Error:\n                pass\n        \n        # Interact with the page elements to simulate user flow\n        # -> Click on a product link to navigate to a specific product detail page.\n        frame = context.pages[-1]\n        # Click on the first product link (Diamond Solitaire Ring) to navigate to its product detail page.\n        elem = frame.locator('xpath=html/body/div/main/section[3]/div/div[3]/div[5]/div/a').nth(0)\n        await page.wait_for_timeout(3000); await elem.click(timeout=5000)\n        \n\n        # -> Scroll down or extract content to verify product specifications, certifications, and related products section.\n        await page.mouse.wheel(0, 300)\n        \n\n        # -> Scroll down further or extract content to locate and verify the related products section.\n        await page.mouse.wheel(0, 300)\n        \n\n        # -> Scroll down or extract content to locate and verify the related products section.\n        await page.mouse.wheel(0, 300)\n        \n\n        # --> Assertions to verify final state\n        frame = context.pages[-1]\n        await expect(frame.locator('text=Bridal Jewelry Set').first).to_be_visible(timeout=30000)\n        await expect(frame.locator('text=11% OFF').first).to_be_visible(timeout=30000)\n        await expect(frame.locator('text=5 (6 reviews)').first).to_be_visible(timeout=30000)\n        await expect(frame.locator('text=Complete bridal set including necklace, earrings, and maang tikka in traditional gold design.').first).to_be_visible(timeout=30000)\n        await expect(frame.locator('text=Material:22k Gold, Kundan, Pearls').first).to_be_visible(timeout=30000)\n        await expect(frame.locator('text=Certified Authentic').first).to_be_visible(timeout=30000)\n        await expect(frame.locator('text=Free Shipping').first).to_be_visible(timeout=30000)\n        await expect(frame.locator('text=30-Day Returns').first).to_be_visible(timeout=30000)\n        await asyncio.sleep(5)\n    \n    finally:\n        if context:\n            await context.close()\n        if browser:\n            await browser.close()\n        if pw:\n            await pw.stop()\n            \nasyncio.run(run_test())\n    ",
    "testStatus": "PASSED",
    "testError": "",
    "testType": "FRONTEND",
    "createFrom": "mcp",
    "testVisualization": "https://testsprite-videos.s3.us-east-1.amazonaws.com/14587408-2041-709c-2dd9-ad292a904eac/1767287293367941//tmp/test_task/result.webm",
    "created": "2026-01-01T17:04:17.601Z",
    "modified": "2026-01-01T17:08:13.613Z"
  },
  {
    "projectId": "93a824dc-ff59-41a3-bb5d-aa09ef77071a",
    "testId": "93d80eac-b2d3-4ef9-9a2a-26a1d0cde96a",
    "userId": "14587408-2041-709c-2dd9-ad292a904eac",
    "title": "TC004-Add and remove items from shopping cart with real-time updates",
    "description": "Validate that adding and removing products from the shopping cart updates the cart instantly, and that the cart sidebar displays current state.",
    "code": "import asyncio\nfrom playwright import async_api\nfrom playwright.async_api import expect\n\nasync def run_test():\n    pw = None\n    browser = None\n    context = None\n    \n    try:\n        # Start a Playwright session in asynchronous mode\n        pw = await async_api.async_playwright().start()\n        \n        # Launch a Chromium browser in headless mode with custom arguments\n        browser = await pw.chromium.launch(\n            headless=True,\n            args=[\n                \"--window-size=1280,720\",         # Set the browser window size\n                \"--disable-dev-shm-usage\",        # Avoid using /dev/shm which can cause issues in containers\n                \"--ipc=host\",                     # Use host-level IPC for better stability\n                \"--single-process\"                # Run the browser in a single process mode\n            ],\n        )\n        \n        # Create a new browser context (like an incognito window)\n        context = await browser.new_context()\n        context.set_default_timeout(5000)\n        \n        # Open a new page in the browser context\n        page = await context.new_page()\n        \n        # Navigate to your target URL and wait until the network request is committed\n        await page.goto(\"http://localhost:3000\", wait_until=\"commit\", timeout=10000)\n        \n        # Wait for the main page to reach DOMContentLoaded state (optional for stability)\n        try:\n            await page.wait_for_load_state(\"domcontentloaded\", timeout=3000)\n        except async_api.Error:\n            pass\n        \n        # Iterate through all iframes and wait for them to load as well\n        for frame in page.frames:\n            try:\n                await frame.wait_for_load_state(\"domcontentloaded\", timeout=3000)\n            except async_api.Error:\n                pass\n        \n        # Interact with the page elements to simulate user flow\n        # -> Navigate to a product detail page by clicking on a product or collection link.\n        frame = context.pages[-1]\n        # Click on the 'Rings' category link to navigate to product listing\n        elem = frame.locator('xpath=html/body/div/main/section[3]/div/div[3]/div/div/a/div/div/div[3]/img').nth(0)\n        await page.wait_for_timeout(3000); await elem.click(timeout=5000)\n        \n\n        # -> Click 'Add to Cart' button to add the product to the shopping cart and verify cart sidebar updates.\n        frame = context.pages[-1]\n        # Click 'Add to Cart' button to add the product to the cart\n        elem = frame.locator('xpath=html/body/div/main/div/div/div/div[2]/div[5]/div/button').nth(0)\n        await page.wait_for_timeout(3000); await elem.click(timeout=5000)\n        \n\n        # -> Click the '+' button in the cart sidebar to increase the quantity of the item.\n        frame = context.pages[-1]\n        # Click '+' button to increase item quantity in cart sidebar\n        elem = frame.locator('xpath=html/body/div/div[2]/div[2]/div/div/div[2]/div/button[2]').nth(0)\n        await page.wait_for_timeout(3000); await elem.click(timeout=5000)\n        \n\n        # -> Click the 'Remove' button (index 29) in the cart sidebar to remove the item from the cart.\n        frame = context.pages[-1]\n        # Click 'Remove' button to remove the item from the cart\n        elem = frame.locator('xpath=html/body/div/div[2]/div[2]/div/div/button').nth(0)\n        await page.wait_for_timeout(3000); await elem.click(timeout=5000)\n        \n\n        # --> Assertions to verify final state\n        frame = context.pages[-1]\n        await expect(frame.locator('text=₹1,25,000').first).to_be_visible(timeout=30000)\n        await expect(frame.locator('text=Diamond Solitaire Ring').first).to_be_visible(timeout=30000)\n        await expect(frame.locator('text=1').first).to_be_visible(timeout=30000)\n        await expect(frame.locator('text=Your cart is empty').first).not_to_be_visible(timeout=30000)\n        await asyncio.sleep(5)\n    \n    finally:\n        if context:\n            await context.close()\n        if browser:\n            await browser.close()\n        if pw:\n            await pw.stop()\n            \nasyncio.run(run_test())\n    ",
    "testStatus": "PASSED",
    "testError": "",
    "testType": "FRONTEND",
    "createFrom": "mcp",
    "testVisualization": "https://testsprite-videos.s3.us-east-1.amazonaws.com/14587408-2041-709c-2dd9-ad292a904eac/1767287309520911//tmp/test_task/result.webm",
    "created": "2026-01-01T17:04:17.609Z",
    "modified": "2026-01-01T17:08:29.694Z"
  },
  {
    "projectId": "93a824dc-ff59-41a3-bb5d-aa09ef77071a",
    "testId": "ebb9a8ee-7e62-4943-b8fb-8049668f3ab1",
    "userId": "14587408-2041-709c-2dd9-ad292a904eac",
    "title": "TC005-Wishlist functionality with persistence",
    "description": "Check that users can add and remove items from the wishlist and that wishlist state persists across sessions using local storage.",
    "code": "import asyncio\nfrom playwright import async_api\nfrom playwright.async_api import expect\n\nasync def run_test():\n    pw = None\n    browser = None\n    context = None\n    \n    try:\n        # Start a Playwright session in asynchronous mode\n        pw = await async_api.async_playwright().start()\n        \n        # Launch a Chromium browser in headless mode with custom arguments\n        browser = await pw.chromium.launch(\n            headless=True,\n            args=[\n                \"--window-size=1280,720\",         # Set the browser window size\n                \"--disable-dev-shm-usage\",        # Avoid using /dev/shm which can cause issues in containers\n                \"--ipc=host\",                     # Use host-level IPC for better stability\n                \"--single-process\"                # Run the browser in a single process mode\n            ],\n        )\n        \n        # Create a new browser context (like an incognito window)\n        context = await browser.new_context()\n        context.set_default_timeout(5000)\n        \n        # Open a new page in the browser context\n        page = await context.new_page()\n        \n        # Navigate to your target URL and wait until the network request is committed\n        await page.goto(\"http://localhost:3000\", wait_until=\"commit\", timeout=10000)\n        \n        # Wait for the main page to reach DOMContentLoaded state (optional for stability)\n        try:\n            await page.wait_for_load_state(\"domcontentloaded\", timeout=3000)\n        except async_api.Error:\n            pass\n        \n        # Iterate through all iframes and wait for them to load as well\n        for frame in page.frames:\n            try:\n                await frame.wait_for_load_state(\"domcontentloaded\", timeout=3000)\n            except async_api.Error:\n                pass\n        \n        # Interact with the page elements to simulate user flow\n        # -> Add a product to wishlist from product grid or detail page\n        frame = context.pages[-1]\n        # Click on 'Start Your Design' or a product to go to product detail or grid to add to wishlist\n        elem = frame.locator('xpath=html/body/div/main/section[3]/div/div[3]/div/div/a/div/div/div[4]/button').nth(0)\n        await page.wait_for_timeout(3000); await elem.click(timeout=5000)\n        \n\n        # -> Close the popup for exclusive jewelry offers to proceed with wishlist testing\n        frame = context.pages[-1]\n        # Click the close button on the exclusive jewelry offers popup\n        elem = frame.locator('xpath=html/body/div/div/div').nth(0)\n        await page.wait_for_timeout(3000); await elem.click(timeout=5000)\n        \n\n        # --> Assertions to verify final state\n        frame = context.pages[-1]\n        try:\n            await expect(frame.locator('text=Wishlist item successfully added').first).to_be_visible(timeout=1000)\n        except AssertionError:\n            raise AssertionError('Test case failed: Wishlist functionality did not work as expected. The product was not added or removed correctly, or the wishlist state did not persist across sessions as required by the test plan.')\n        await asyncio.sleep(5)\n    \n    finally:\n        if context:\n            await context.close()\n        if browser:\n            await browser.close()\n        if pw:\n            await pw.stop()\n            \nasyncio.run(run_test())\n    ",
    "testStatus": "FAILED",
    "testError": "Testing stopped due to persistent popup blocking wishlist functionality. Reported the issue for resolution.\nBrowser Console Logs:\n[ERROR] Warning: Prop `%s` did not match. Server: %s Client: %s%s className \"__variable_f367f3 __variable_0a80b4 __variable_054274 light\" \"__variable_f367f3 __variable_0a80b4 __variable_054274\" \n    at html\n    at RootLayout (Server)\n    at RedirectErrorBoundary (webpack-internal:///(app-pages-browser)/./node_modules/next/dist/client/components/redirect-boundary.js:74:9)\n    at RedirectBoundary (webpack-internal:///(app-pages-browser)/./node_modules/next/dist/client/components/redirect-boundary.js:82:11)\n    at NotFoundErrorBoundary (webpack-internal:///(app-pages-browser)/./node_modules/next/dist/client/components/not-found-boundary.js:76:9)\n    at NotFoundBoundary (webpack-internal:///(app-pages-browser)/./node_modules/next/dist/client/components/not-found-boundary.js:84:11)\n    at DevRootNotFoundBoundary (webpack-internal:///(app-pages-browser)/./node_modules/next/dist/client/components/dev-root-not-found-boundary.js:33:11)\n    at ReactDevOverlay (webpack-internal:///(app-pages-browser)/./node_modules/next/dist/client/components/react-dev-overlay/app/ReactDevOverlay.js:87:9)\n    at HotReload (webpack-internal:///(app-pages-browser)/./node_modules/next/dist/client/components/react-dev-overlay/app/hot-reloader-client.js:321:11)\n    at Router (webpack-internal:///(app-pages-browser)/./node_modules/next/dist/client/components/app-router.js:207:11)\n    at ErrorBoundaryHandler (webpack-internal:///(app-pages-browser)/./node_modules/next/dist/client/components/error-boundary.js:113:9)\n    at ErrorBoundary (webpack-internal:///(app-pages-browser)/./node_modules/next/dist/client/components/error-boundary.js:160:11)\n    at AppRouter (webpack-internal:///(app-pages-browser)/./node_modules/next/dist/client/components/app-router.js:585:13)\n    at ServerRoot (webpack-internal:///(app-pages-browser)/./node_modules/next/dist/client/app-index.js:112:27)\n    at Root (webpack-internal:///(app-pages-browser)/./node_modules/next/dist/client/app-index.js:117:11) (at webpack-internal:///(app-pages-browser)/./node_modules/next/dist/client/app-index.js:32:21)\n[WARNING] Image with src \"https://images.unsplash.com/photo-1605100804763-247f67b3557e?w=800\" has \"fill\" and a height value of 0. This is likely because the parent element of the image has not been styled to have a set height. (at webpack-internal:///(app-pages-browser)/./node_modules/next/dist/shared/lib/utils/warn-once.js:15:20)\n[WARNING] Image with src \"https://images.unsplash.com/photo-1599643478518-a784e5dc4c8f?w=800\" has \"fill\" and a height value of 0. This is likely because the parent element of the image has not been styled to have a set height. (at webpack-internal:///(app-pages-browser)/./node_modules/next/dist/shared/lib/utils/warn-once.js:15:20)\n[WARNING] Image with src \"https://images.unsplash.com/photo-1535632066927-ab7c9ab60908?w=800\" has \"fill\" and a height value of 0. This is likely because the parent element of the image has not been styled to have a set height. (at webpack-internal:///(app-pages-browser)/./node_modules/next/dist/shared/lib/utils/warn-once.js:15:20)\n[WARNING] Image with src \"https://images.unsplash.com/photo-1611591437281-460bfbe1220a?w=800\" has \"fill\" and a height value of 0. This is likely because the parent element of the image has not been styled to have a set height. (at webpack-internal:///(app-pages-browser)/./node_modules/next/dist/shared/lib/utils/warn-once.js:15:20)\n[WARNING] Image with src \"https://images.unsplash.com/photo-1515562141207-7a88fb7ce338?w=800\" has \"fill\" and a height value of 0. This is likely because the parent element of the image has not been styled to have a set height. (at webpack-internal:///(app-pages-browser)/./node_modules/next/dist/shared/lib/utils/warn-once.js:15:20)\n[WARNING] Image with src \"https://images.unsplash.com/photo-1506630448388-4e683c67ddb0?w=800\" has \"fill\" and a height value of 0. This is likely because the parent element of the image has not been styled to have a set height. (at webpack-internal:///(app-pages-browser)/./node_modules/next/dist/shared/lib/utils/warn-once.js:15:20)",
    "testType": "FRONTEND",
    "createFrom": "mcp",
    "testVisualization": "https://testsprite-videos.s3.us-east-1.amazonaws.com/14587408-2041-709c-2dd9-ad292a904eac/1767287440810512//tmp/test_task/result.webm",
    "created": "2026-01-01T17:04:17.615Z",
    "modified": "2026-01-01T17:10:40.965Z"
  },
  {
    "projectId": "93a824dc-ff59-41a3-bb5d-aa09ef77071a",
    "testId": "1cc48f3b-df85-4108-b314-d91ebca49e7d",
    "userId": "14587408-2041-709c-2dd9-ad292a904eac",
    "title": "TC006-Checkout process with validation and payment options",
    "description": "Verify the checkout flow requires valid contact and shipping information, supports multiple payment methods, and completes the order successfully.",
    "code": "import asyncio\nfrom playwright import async_api\nfrom playwright.async_api import expect\n\nasync def run_test():\n    pw = None\n    browser = None\n    context = None\n    \n    try:\n        # Start a Playwright session in asynchronous mode\n        pw = await async_api.async_playwright().start()\n        \n        # Launch a Chromium browser in headless mode with custom arguments\n        browser = await pw.chromium.launch(\n            headless=True,\n            args=[\n                \"--window-size=1280,720\",         # Set the browser window size\n                \"--disable-dev-shm-usage\",        # Avoid using /dev/shm which can cause issues in containers\n                \"--ipc=host\",                     # Use host-level IPC for better stability\n                \"--single-process\"                # Run the browser in a single process mode\n            ],\n        )\n        \n        # Create a new browser context (like an incognito window)\n        context = await browser.new_context()\n        context.set_default_timeout(5000)\n        \n        # Open a new page in the browser context\n        page = await context.new_page()\n        \n        # Navigate to your target URL and wait until the network request is committed\n        await page.goto(\"http://localhost:3000\", wait_until=\"commit\", timeout=10000)\n        \n        # Wait for the main page to reach DOMContentLoaded state (optional for stability)\n        try:\n            await page.wait_for_load_state(\"domcontentloaded\", timeout=3000)\n        except async_api.Error:\n            pass\n        \n        # Iterate through all iframes and wait for them to load as well\n        for frame in page.frames:\n            try:\n                await frame.wait_for_load_state(\"domcontentloaded\", timeout=3000)\n            except async_api.Error:\n                pass\n        \n        # Interact with the page elements to simulate user flow\n        # -> Add a product to the cart and proceed to the checkout page.\n        frame = context.pages[-1]\n        # Click on a product (Diamond Solitaire Ring) to view details and add to cart\n        elem = frame.locator('xpath=html/body/div/main/section[3]/div/div[3]/div[5]/div/a').nth(0)\n        await page.wait_for_timeout(3000); await elem.click(timeout=5000)\n        \n\n        # --> Assertions to verify final state\n        frame = context.pages[-1]\n        try:\n            await expect(frame.locator('text=Order Completed Successfully!')).to_be_visible(timeout=5000)\n        except AssertionError:\n            raise AssertionError(\"Test case failed: The checkout flow did not complete successfully. Valid contact and shipping information, multiple payment methods, and order completion verification are required as per the test plan.\")\n        await asyncio.sleep(5)\n    \n    finally:\n        if context:\n            await context.close()\n        if browser:\n            await browser.close()\n        if pw:\n            await pw.stop()\n            \nasyncio.run(run_test())\n    ",
    "testStatus": "FAILED",
    "testError": "The checkout flow cannot be tested because the 'Add to Cart' button is not functioning. The product cannot be added to the cart, so the checkout process cannot proceed. Reporting this as a website issue and stopping further actions.\nBrowser Console Logs:\n[ERROR] Warning: Prop `%s` did not match. Server: %s Client: %s%s className \"__variable_f367f3 __variable_0a80b4 __variable_054274 light\" \"__variable_f367f3 __variable_0a80b4 __variable_054274\" \n    at html\n    at RootLayout (Server)\n    at RedirectErrorBoundary (webpack-internal:///(app-pages-browser)/./node_modules/next/dist/client/components/redirect-boundary.js:74:9)\n    at RedirectBoundary (webpack-internal:///(app-pages-browser)/./node_modules/next/dist/client/components/redirect-boundary.js:82:11)\n    at NotFoundErrorBoundary (webpack-internal:///(app-pages-browser)/./node_modules/next/dist/client/components/not-found-boundary.js:76:9)\n    at NotFoundBoundary (webpack-internal:///(app-pages-browser)/./node_modules/next/dist/client/components/not-found-boundary.js:84:11)\n    at DevRootNotFoundBoundary (webpack-internal:///(app-pages-browser)/./node_modules/next/dist/client/components/dev-root-not-found-boundary.js:33:11)\n    at ReactDevOverlay (webpack-internal:///(app-pages-browser)/./node_modules/next/dist/client/components/react-dev-overlay/app/ReactDevOverlay.js:87:9)\n    at HotReload (webpack-internal:///(app-pages-browser)/./node_modules/next/dist/client/components/react-dev-overlay/app/hot-reloader-client.js:321:11)\n    at Router (webpack-internal:///(app-pages-browser)/./node_modules/next/dist/client/components/app-router.js:207:11)\n    at ErrorBoundaryHandler (webpack-internal:///(app-pages-browser)/./node_modules/next/dist/client/components/error-boundary.js:113:9)\n    at ErrorBoundary (webpack-internal:///(app-pages-browser)/./node_modules/next/dist/client/components/error-boundary.js:160:11)\n    at AppRouter (webpack-internal:///(app-pages-browser)/./node_modules/next/dist/client/components/app-router.js:585:13)\n    at ServerRoot (webpack-internal:///(app-pages-browser)/./node_modules/next/dist/client/app-index.js:112:27)\n    at Root (webpack-internal:///(app-pages-browser)/./node_modules/next/dist/client/app-index.js:117:11) (at webpack-internal:///(app-pages-browser)/./node_modules/next/dist/client/app-index.js:32:21)\n[WARNING] Image with src \"https://images.unsplash.com/photo-1605100804763-247f67b3557e?w=800\" has \"fill\" and a height value of 0. This is likely because the parent element of the image has not been styled to have a set height. (at webpack-internal:///(app-pages-browser)/./node_modules/next/dist/shared/lib/utils/warn-once.js:15:20)\n[WARNING] Image with src \"https://images.unsplash.com/photo-1599643478518-a784e5dc4c8f?w=800\" has \"fill\" and a height value of 0. This is likely because the parent element of the image has not been styled to have a set height. (at webpack-internal:///(app-pages-browser)/./node_modules/next/dist/shared/lib/utils/warn-once.js:15:20)\n[WARNING] Image with src \"https://images.unsplash.com/photo-1535632066927-ab7c9ab60908?w=800\" has \"fill\" and a height value of 0. This is likely because the parent element of the image has not been styled to have a set height. (at webpack-internal:///(app-pages-browser)/./node_modules/next/dist/shared/lib/utils/warn-once.js:15:20)\n[WARNING] Image with src \"https://images.unsplash.com/photo-1611591437281-460bfbe1220a?w=800\" has \"fill\" and a height value of 0. This is likely because the parent element of the image has not been styled to have a set height. (at webpack-internal:///(app-pages-browser)/./node_modules/next/dist/shared/lib/utils/warn-once.js:15:20)\n[WARNING] Image with src \"https://images.unsplash.com/photo-1515562141207-7a88fb7ce338?w=800\" has \"fill\" and a height value of 0. This is likely because the parent element of the image has not been styled to have a set height. (at webpack-internal:///(app-pages-browser)/./node_modules/next/dist/shared/lib/utils/warn-once.js:15:20)\n[WARNING] Image with src \"https://images.unsplash.com/photo-1506630448388-4e683c67ddb0?w=800\" has \"fill\" and a height value of 0. This is likely because the parent element of the image has not been styled to have a set height. (at webpack-internal:///(app-pages-browser)/./node_modules/next/dist/shared/lib/utils/warn-once.js:15:20)",
    "testType": "FRONTEND",
    "createFrom": "mcp",
    "testVisualization": "https://testsprite-videos.s3.us-east-1.amazonaws.com/14587408-2041-709c-2dd9-ad292a904eac/1767287274760301//tmp/test_task/result.webm",
    "created": "2026-01-01T17:04:17.621Z",
    "modified": "2026-01-01T17:07:54.922Z"
  },
  {
    "projectId": "93a824dc-ff59-41a3-bb5d-aa09ef77071a",
    "testId": "5fa5c0e6-2d29-44b8-91d9-3b5a4f120791",
    "userId": "14587408-2041-709c-2dd9-ad292a904eac",
    "title": "TC007-Admin authentication with JWT, password hashing, and rate limiting",
    "description": "Ensure admin login enforces SHA-256 password hashing, JWT token issuance with session expiration, and rate limiting on repeated failed login attempts.",
    "code": "import asyncio\nfrom playwright import async_api\nfrom playwright.async_api import expect\n\nasync def run_test():\n    pw = None\n    browser = None\n    context = None\n    \n    try:\n        # Start a Playwright session in asynchronous mode\n        pw = await async_api.async_playwright().start()\n        \n        # Launch a Chromium browser in headless mode with custom arguments\n        browser = await pw.chromium.launch(\n            headless=True,\n            args=[\n                \"--window-size=1280,720\",         # Set the browser window size\n                \"--disable-dev-shm-usage\",        # Avoid using /dev/shm which can cause issues in containers\n                \"--ipc=host\",                     # Use host-level IPC for better stability\n                \"--single-process\"                # Run the browser in a single process mode\n            ],\n        )\n        \n        # Create a new browser context (like an incognito window)\n        context = await browser.new_context()\n        context.set_default_timeout(5000)\n        \n        # Open a new page in the browser context\n        page = await context.new_page()\n        \n        # Navigate to your target URL and wait until the network request is committed\n        await page.goto(\"http://localhost:3000\", wait_until=\"commit\", timeout=10000)\n        \n        # Wait for the main page to reach DOMContentLoaded state (optional for stability)\n        try:\n            await page.wait_for_load_state(\"domcontentloaded\", timeout=3000)\n        except async_api.Error:\n            pass\n        \n        # Iterate through all iframes and wait for them to load as well\n        for frame in page.frames:\n            try:\n                await frame.wait_for_load_state(\"domcontentloaded\", timeout=3000)\n            except async_api.Error:\n                pass\n        \n        # Interact with the page elements to simulate user flow\n        # -> Click on the Admin button to go to the admin login page\n        frame = context.pages[-1]\n        # Click on the Admin button to navigate to admin login page\n        elem = frame.locator('xpath=html/body/div/main/section[2]/div/div[3]/div[2]/div/div/a').nth(0)\n        await page.wait_for_timeout(3000); await elem.click(timeout=5000)\n        \n\n        # --> Assertions to verify final state\n        frame = context.pages[-1]\n        try:\n            await expect(frame.locator('text=Admin login successful with JWT token issued').first).to_be_visible(timeout=1000)\n        except AssertionError:\n            raise AssertionError('Test case failed: Admin login did not enforce SHA-256 password hashing, JWT token issuance with session expiration, or rate limiting on repeated failed login attempts as per the test plan.')\n        await asyncio.sleep(5)\n    \n    finally:\n        if context:\n            await context.close()\n        if browser:\n            await browser.close()\n        if pw:\n            await pw.stop()\n            \nasyncio.run(run_test())\n    ",
    "testStatus": "FAILED",
    "testError": "Stopped testing due to inability to access admin login page. Admin button does not navigate to login page, preventing further tests.\nBrowser Console Logs:\n[ERROR] Warning: Prop `%s` did not match. Server: %s Client: %s%s className \"__variable_f367f3 __variable_0a80b4 __variable_054274 light\" \"__variable_f367f3 __variable_0a80b4 __variable_054274\" \n    at html\n    at RootLayout (Server)\n    at RedirectErrorBoundary (webpack-internal:///(app-pages-browser)/./node_modules/next/dist/client/components/redirect-boundary.js:74:9)\n    at RedirectBoundary (webpack-internal:///(app-pages-browser)/./node_modules/next/dist/client/components/redirect-boundary.js:82:11)\n    at NotFoundErrorBoundary (webpack-internal:///(app-pages-browser)/./node_modules/next/dist/client/components/not-found-boundary.js:76:9)\n    at NotFoundBoundary (webpack-internal:///(app-pages-browser)/./node_modules/next/dist/client/components/not-found-boundary.js:84:11)\n    at DevRootNotFoundBoundary (webpack-internal:///(app-pages-browser)/./node_modules/next/dist/client/components/dev-root-not-found-boundary.js:33:11)\n    at ReactDevOverlay (webpack-internal:///(app-pages-browser)/./node_modules/next/dist/client/components/react-dev-overlay/app/ReactDevOverlay.js:87:9)\n    at HotReload (webpack-internal:///(app-pages-browser)/./node_modules/next/dist/client/components/react-dev-overlay/app/hot-reloader-client.js:321:11)\n    at Router (webpack-internal:///(app-pages-browser)/./node_modules/next/dist/client/components/app-router.js:207:11)\n    at ErrorBoundaryHandler (webpack-internal:///(app-pages-browser)/./node_modules/next/dist/client/components/error-boundary.js:113:9)\n    at ErrorBoundary (webpack-internal:///(app-pages-browser)/./node_modules/next/dist/client/components/error-boundary.js:160:11)\n    at AppRouter (webpack-internal:///(app-pages-browser)/./node_modules/next/dist/client/components/app-router.js:585:13)\n    at ServerRoot (webpack-internal:///(app-pages-browser)/./node_modules/next/dist/client/app-index.js:112:27)\n    at Root (webpack-internal:///(app-pages-browser)/./node_modules/next/dist/client/app-index.js:117:11) (at webpack-internal:///(app-pages-browser)/./node_modules/next/dist/client/app-index.js:32:21)\n[WARNING] Image with src \"https://images.unsplash.com/photo-1605100804763-247f67b3557e?w=800\" has \"fill\" and a height value of 0. This is likely because the parent element of the image has not been styled to have a set height. (at webpack-internal:///(app-pages-browser)/./node_modules/next/dist/shared/lib/utils/warn-once.js:15:20)\n[WARNING] Image with src \"https://images.unsplash.com/photo-1599643478518-a784e5dc4c8f?w=800\" has \"fill\" and a height value of 0. This is likely because the parent element of the image has not been styled to have a set height. (at webpack-internal:///(app-pages-browser)/./node_modules/next/dist/shared/lib/utils/warn-once.js:15:20)\n[WARNING] Image with src \"https://images.unsplash.com/photo-1535632066927-ab7c9ab60908?w=800\" has \"fill\" and a height value of 0. This is likely because the parent element of the image has not been styled to have a set height. (at webpack-internal:///(app-pages-browser)/./node_modules/next/dist/shared/lib/utils/warn-once.js:15:20)\n[WARNING] Image with src \"https://images.unsplash.com/photo-1611591437281-460bfbe1220a?w=800\" has \"fill\" and a height value of 0. This is likely because the parent element of the image has not been styled to have a set height. (at webpack-internal:///(app-pages-browser)/./node_modules/next/dist/shared/lib/utils/warn-once.js:15:20)\n[WARNING] Image with src \"https://images.unsplash.com/photo-1515562141207-7a88fb7ce338?w=800\" has \"fill\" and a height value of 0. This is likely because the parent element of the image has not been styled to have a set height. (at webpack-internal:///(app-pages-browser)/./node_modules/next/dist/shared/lib/utils/warn-once.js:15:20)\n[WARNING] Image with src \"https://images.unsplash.com/photo-1506630448388-4e683c67ddb0?w=800\" has \"fill\" and a height value of 0. This is likely because the parent element of the image has not been styled to have a set height. (at webpack-internal:///(app-pages-browser)/./node_modules/next/dist/shared/lib/utils/warn-once.js:15:20)",
    "testType": "FRONTEND",
    "createFrom": "mcp",
    "testVisualization": "https://testsprite-videos.s3.us-east-1.amazonaws.com/14587408-2041-709c-2dd9-ad292a904eac/1767287251857915//tmp/test_task/result.webm",
    "created": "2026-01-01T17:04:17.628Z",
    "modified": "2026-01-01T17:07:32.159Z"
  },
  {
    "projectId": "93a824dc-ff59-41a3-bb5d-aa09ef77071a",
    "testId": "a36a0955-cbe0-4169-9f3f-683bf6605a59",
    "userId": "14587408-2041-709c-2dd9-ad292a904eac",
    "title": "TC008-Admin console product CRUD operations",
    "description": "Validate that admin users can create, read, update, and delete products with proper data validation and image uploads.",
    "code": "import asyncio\nfrom playwright import async_api\nfrom playwright.async_api import expect\n\nasync def run_test():\n    pw = None\n    browser = None\n    context = None\n    \n    try:\n        # Start a Playwright session in asynchronous mode\n        pw = await async_api.async_playwright().start()\n        \n        # Launch a Chromium browser in headless mode with custom arguments\n        browser = await pw.chromium.launch(\n            headless=True,\n            args=[\n                \"--window-size=1280,720\",         # Set the browser window size\n                \"--disable-dev-shm-usage\",        # Avoid using /dev/shm which can cause issues in containers\n                \"--ipc=host\",                     # Use host-level IPC for better stability\n                \"--single-process\"                # Run the browser in a single process mode\n            ],\n        )\n        \n        # Create a new browser context (like an incognito window)\n        context = await browser.new_context()\n        context.set_default_timeout(5000)\n        \n        # Open a new page in the browser context\n        page = await context.new_page()\n        \n        # Navigate to your target URL and wait until the network request is committed\n        await page.goto(\"http://localhost:3000\", wait_until=\"commit\", timeout=10000)\n        \n        # Wait for the main page to reach DOMContentLoaded state (optional for stability)\n        try:\n            await page.wait_for_load_state(\"domcontentloaded\", timeout=3000)\n        except async_api.Error:\n            pass\n        \n        # Iterate through all iframes and wait for them to load as well\n        for frame in page.frames:\n            try:\n                await frame.wait_for_load_state(\"domcontentloaded\", timeout=3000)\n            except async_api.Error:\n                pass\n        \n        # Interact with the page elements to simulate user flow\n        # -> Click on the Admin button to go to admin login or console\n        frame = context.pages[-1]\n        # Click on Admin button to access admin console or login\n        elem = frame.locator('xpath=html/body/div/header/div[2]/div/div[2]/a[3]/button').nth(0)\n        await page.wait_for_timeout(3000); await elem.click(timeout=5000)\n        \n\n        # -> Input admin email and password, then click Sign In button\n        frame = context.pages[-1]\n        # Input admin email\n        elem = frame.locator('xpath=html/body/div/div/form/div/div/input').nth(0)\n        await page.wait_for_timeout(3000); await elem.fill('admin@ajabhijewels.com')\n        \n\n        frame = context.pages[-1]\n        # Input admin password\n        elem = frame.locator('xpath=html/body/div/div/form/div[2]/div/input').nth(0)\n        await page.wait_for_timeout(3000); await elem.fill('admin123')\n        \n\n        frame = context.pages[-1]\n        # Click Sign In button to log in\n        elem = frame.locator('xpath=html/body/div/div/form/button').nth(0)\n        await page.wait_for_timeout(3000); await elem.click(timeout=5000)\n        \n\n        # -> Click on Products link to go to products management page\n        frame = context.pages[-1]\n        # Click on Products link to navigate to products management\n        elem = frame.locator('xpath=html/body/div/div/nav/a[2]').nth(0)\n        await page.wait_for_timeout(3000); await elem.click(timeout=5000)\n        \n\n        # -> Click on 'Add Product' button to open the product creation form\n        frame = context.pages[-1]\n        # Click on Add Product button to open product creation form\n        elem = frame.locator('xpath=html/body/div/div[2]/main/div/div/button').nth(0)\n        await page.wait_for_timeout(3000); await elem.click(timeout=5000)\n        \n\n        # -> Fill in all required product details including product name, category, price, stock quantity, description, image URL, and submit the form\n        frame = context.pages[-1]\n        # Input product name\n        elem = frame.locator('xpath=html/body/div/div[2]/main/div/div[5]/div/div[2]/div/div/input').nth(0)\n        await page.wait_for_timeout(3000); await elem.fill('Elegant Sapphire Ring')\n        \n\n        frame = context.pages[-1]\n        # Input price\n        elem = frame.locator('xpath=html/body/div/div[2]/main/div/div[5]/div/div[2]/div/div[3]/input').nth(0)\n        await page.wait_for_timeout(3000); await elem.fill('95000')\n        \n\n        frame = context.pages[-1]\n        # Input original price\n        elem = frame.locator('xpath=html/body/div/div[2]/main/div/div[5]/div/div[2]/div/div[4]/input').nth(0)\n        await page.wait_for_timeout(3000); await elem.fill('110000')\n        \n\n        frame = context.pages[-1]\n        # Input material details\n        elem = frame.locator('xpath=html/body/div/div[2]/main/div/div[5]/div/div[2]/div/div[5]/input').nth(0)\n        await page.wait_for_timeout(3000); await elem.fill('18k White Gold, Sapphire, Diamond')\n        \n\n        frame = context.pages[-1]\n        # Input stock quantity\n        elem = frame.locator('xpath=html/body/div/div[2]/main/div/div[5]/div/div[2]/div/div[6]/input').nth(0)\n        await page.wait_for_timeout(3000); await elem.fill('4')\n        \n\n        frame = context.pages[-1]\n        # Input product description\n        elem = frame.locator('xpath=html/body/div/div[2]/main/div/div[5]/div/div[2]/div[2]/textarea').nth(0)\n        await page.wait_for_timeout(3000); await elem.fill('A beautiful sapphire ring with diamond accents.')\n        \n\n        frame = context.pages[-1]\n        # Input image URL\n        elem = frame.locator('xpath=html/body/div/div[2]/main/div/div[5]/div/div[2]/div[3]/input').nth(0)\n        await page.wait_for_timeout(3000); await elem.fill('https://example.com/images/sapphire-ring.jpg')\n        \n\n        frame = context.pages[-1]\n        # Click Add Product button to submit the new product form\n        elem = frame.locator('xpath=html/body/div/div[2]/main/div/div[5]/div/div[3]/button[2]').nth(0)\n        await page.wait_for_timeout(3000); await elem.click(timeout=5000)\n        \n\n        # -> Update the existing product 'Elegant Sapphire Ring' by clicking its edit button\n        frame = context.pages[-1]\n        # Click edit button for 'Elegant Sapphire Ring' to update product details\n        elem = frame.locator('xpath=html/body/div/div[2]/main/div/div[3]/div/table/tbody/tr[9]/td[6]/div/button').nth(0)\n        await page.wait_for_timeout(3000); await elem.click(timeout=5000)\n        \n\n        # -> Change product details and image URL, then click Update Product button\n        frame = context.pages[-1]\n        # Update product name\n        elem = frame.locator('xpath=html/body/div/div[2]/main/div/div[5]/div/div[2]/div/div/input').nth(0)\n        await page.wait_for_timeout(3000); await elem.fill('Elegant Sapphire Ring Updated')\n        \n\n        frame = context.pages[-1]\n        # Update price\n        elem = frame.locator('xpath=html/body/div/div[2]/main/div/div[5]/div/div[2]/div/div[3]/input').nth(0)\n        await page.wait_for_timeout(3000); await elem.fill('97000')\n        \n\n        frame = context.pages[-1]\n        # Update stock quantity\n        elem = frame.locator('xpath=html/body/div/div[2]/main/div/div[5]/div/div[2]/div/div[6]/input').nth(0)\n        await page.wait_for_timeout(3000); await elem.fill('5')\n        \n\n        frame = context.pages[-1]\n        # Update image URL\n        elem = frame.locator('xpath=html/body/div/div[2]/main/div/div[5]/div/div[2]/div[3]/input').nth(0)\n        await page.wait_for_timeout(3000); await elem.fill('https://example.com/images/sapphire-ring-updated.jpg')\n        \n\n        frame = context.pages[-1]\n        # Click Update Product button to save changes\n        elem = frame.locator('xpath=html/body/div/div[2]/main/div/div[5]/div/div[3]/button[2]').nth(0)\n        await page.wait_for_timeout(3000); await elem.click(timeout=5000)\n        \n\n        # -> Click the delete button for 'Elegant Sapphire Ring Updated' to test product deletion\n        frame = context.pages[-1]\n        # Click delete button for 'Elegant Sapphire Ring Updated' product\n        elem = frame.locator('xpath=html/body/div/div[2]/main/div/div[3]/div/table/tbody/tr[9]/td[6]/div/button[2]').nth(0)\n        await page.wait_for_timeout(3000); await elem.click(timeout=5000)\n        \n\n        # --> Assertions to verify final state\n        frame = context.pages[-1]\n        try:\n            await expect(frame.locator('text=Product Creation Successful').first).to_be_visible(timeout=3000)\n        except AssertionError:\n            raise AssertionError(\"Test case failed: Admin users could not complete product create, read, update, and delete operations with proper data validation and image uploads as per the test plan.\")\n        await asyncio.sleep(5)\n    \n    finally:\n        if context:\n            await context.close()\n        if browser:\n            await browser.close()\n        if pw:\n            await pw.stop()\n            \nasyncio.run(run_test())\n    ",
    "testStatus": "FAILED",
    "testError": "Tested admin CRUD operations for products. Product creation and update with image upload succeeded. However, product deletion failed as the product remained listed after clicking delete. Validation for invalid product creation not tested due to deletion failure. Please fix deletion issue to proceed further.\nBrowser Console Logs:\n[ERROR] Warning: Prop `%s` did not match. Server: %s Client: %s%s className \"__variable_f367f3 __variable_0a80b4 __variable_054274 light\" \"__variable_f367f3 __variable_0a80b4 __variable_054274\" \n    at html\n    at RootLayout (Server)\n    at RedirectErrorBoundary (webpack-internal:///(app-pages-browser)/./node_modules/next/dist/client/components/redirect-boundary.js:74:9)\n    at RedirectBoundary (webpack-internal:///(app-pages-browser)/./node_modules/next/dist/client/components/redirect-boundary.js:82:11)\n    at NotFoundErrorBoundary (webpack-internal:///(app-pages-browser)/./node_modules/next/dist/client/components/not-found-boundary.js:76:9)\n    at NotFoundBoundary (webpack-internal:///(app-pages-browser)/./node_modules/next/dist/client/components/not-found-boundary.js:84:11)\n    at DevRootNotFoundBoundary (webpack-internal:///(app-pages-browser)/./node_modules/next/dist/client/components/dev-root-not-found-boundary.js:33:11)\n    at ReactDevOverlay (webpack-internal:///(app-pages-browser)/./node_modules/next/dist/client/components/react-dev-overlay/app/ReactDevOverlay.js:87:9)\n    at HotReload (webpack-internal:///(app-pages-browser)/./node_modules/next/dist/client/components/react-dev-overlay/app/hot-reloader-client.js:321:11)\n    at Router (webpack-internal:///(app-pages-browser)/./node_modules/next/dist/client/components/app-router.js:207:11)\n    at ErrorBoundaryHandler (webpack-internal:///(app-pages-browser)/./node_modules/next/dist/client/components/error-boundary.js:113:9)\n    at ErrorBoundary (webpack-internal:///(app-pages-browser)/./node_modules/next/dist/client/components/error-boundary.js:160:11)\n    at AppRouter (webpack-internal:///(app-pages-browser)/./node_modules/next/dist/client/components/app-router.js:585:13)\n    at ServerRoot (webpack-internal:///(app-pages-browser)/./node_modules/next/dist/client/app-index.js:112:27)\n    at Root (webpack-internal:///(app-pages-browser)/./node_modules/next/dist/client/app-index.js:117:11) (at webpack-internal:///(app-pages-browser)/./node_modules/next/dist/client/app-index.js:32:21)\n[WARNING] Image with src \"https://images.unsplash.com/photo-1605100804763-247f67b3557e?w=800\" has \"fill\" and a height value of 0. This is likely because the parent element of the image has not been styled to have a set height. (at webpack-internal:///(app-pages-browser)/./node_modules/next/dist/shared/lib/utils/warn-once.js:15:20)\n[WARNING] Image with src \"https://images.unsplash.com/photo-1599643478518-a784e5dc4c8f?w=800\" has \"fill\" and a height value of 0. This is likely because the parent element of the image has not been styled to have a set height. (at webpack-internal:///(app-pages-browser)/./node_modules/next/dist/shared/lib/utils/warn-once.js:15:20)\n[WARNING] Image with src \"https://images.unsplash.com/photo-1535632066927-ab7c9ab60908?w=800\" has \"fill\" and a height value of 0. This is likely because the parent element of the image has not been styled to have a set height. (at webpack-internal:///(app-pages-browser)/./node_modules/next/dist/shared/lib/utils/warn-once.js:15:20)\n[WARNING] Image with src \"https://images.unsplash.com/photo-1611591437281-460bfbe1220a?w=800\" has \"fill\" and a height value of 0. This is likely because the parent element of the image has not been styled to have a set height. (at webpack-internal:///(app-pages-browser)/./node_modules/next/dist/shared/lib/utils/warn-once.js:15:20)\n[WARNING] Image with src \"https://images.unsplash.com/photo-1515562141207-7a88fb7ce338?w=800\" has \"fill\" and a height value of 0. This is likely because the parent element of the image has not been styled to have a set height. (at webpack-internal:///(app-pages-browser)/./node_modules/next/dist/shared/lib/utils/warn-once.js:15:20)\n[WARNING] Image with src \"https://images.unsplash.com/photo-1506630448388-4e683c67ddb0?w=800\" has \"fill\" and a height value of 0. This is likely because the parent element of the image has not been styled to have a set height. (at webpack-internal:///(app-pages-browser)/./node_modules/next/dist/shared/lib/utils/warn-once.js:15:20)\n[ERROR] Failed to load resource: net::ERR_EMPTY_RESPONSE (at http://localhost:3000/_next/image?url=https%3A%2F%2Fexample.com%2Fimages%2Fsapphire-ring.jpg&w=48&q=75:0:0)\n[ERROR] Failed to load resource: net::ERR_EMPTY_RESPONSE (at http://localhost:3000/_next/image?url=https%3A%2F%2Fexample.com%2Fimages%2Fsapphire-ring-updated.jpg&w=48&q=75:0:0)",
    "testType": "FRONTEND",
    "createFrom": "mcp",
    "testVisualization": "https://testsprite-videos.s3.us-east-1.amazonaws.com/14587408-2041-709c-2dd9-ad292a904eac/1767287544887592//tmp/test_task/result.webm",
    "created": "2026-01-01T17:04:17.635Z",
    "modified": "2026-01-01T17:12:25.056Z"
  },
  {
    "projectId": "93a824dc-ff59-41a3-bb5d-aa09ef77071a",
    "testId": "93463de5-b3da-4bd6-912b-e5d2c9004f0d",
    "userId": "14587408-2041-709c-2dd9-ad292a904eac",
    "title": "TC009-SEO utilities generate correct metadata, sitemap, and robots.txt",
    "description": "Check that SEO features produce accurate meta tags on pages, and that sitemap.xml and robots.txt files are correctly generated and accessible.",
    "code": "import asyncio\nfrom playwright import async_api\nfrom playwright.async_api import expect\n\nasync def run_test():\n    pw = None\n    browser = None\n    context = None\n    \n    try:\n        # Start a Playwright session in asynchronous mode\n        pw = await async_api.async_playwright().start()\n        \n        # Launch a Chromium browser in headless mode with custom arguments\n        browser = await pw.chromium.launch(\n            headless=True,\n            args=[\n                \"--window-size=1280,720\",         # Set the browser window size\n                \"--disable-dev-shm-usage\",        # Avoid using /dev/shm which can cause issues in containers\n                \"--ipc=host\",                     # Use host-level IPC for better stability\n                \"--single-process\"                # Run the browser in a single process mode\n            ],\n        )\n        \n        # Create a new browser context (like an incognito window)\n        context = await browser.new_context()\n        context.set_default_timeout(5000)\n        \n        # Open a new page in the browser context\n        page = await context.new_page()\n        \n        # Navigate to your target URL and wait until the network request is committed\n        await page.goto(\"http://localhost:3000\", wait_until=\"commit\", timeout=10000)\n        \n        # Wait for the main page to reach DOMContentLoaded state (optional for stability)\n        try:\n            await page.wait_for_load_state(\"domcontentloaded\", timeout=3000)\n        except async_api.Error:\n            pass\n        \n        # Iterate through all iframes and wait for them to load as well\n        for frame in page.frames:\n            try:\n                await frame.wait_for_load_state(\"domcontentloaded\", timeout=3000)\n            except async_api.Error:\n                pass\n        \n        # Interact with the page elements to simulate user flow\n        # -> Navigate to a product detail page to inspect meta tags\n        frame = context.pages[-1]\n        # Click on a product link (Diamond Solitaire Ring) to load product detail page\n        elem = frame.locator('xpath=html/body/div/main/section[3]/div/div[3]/div/div/a').nth(0)\n        await page.wait_for_timeout(3000); await elem.click(timeout=5000)\n        \n\n        # -> Request sitemap.xml endpoint to verify URLs for all relevant pages\n        await page.goto('http://localhost:3000/sitemap.xml', timeout=10000)\n        await asyncio.sleep(3)\n        \n\n        # -> Navigate to robots.txt endpoint to verify its contents\n        await page.goto('http://localhost:3000/robots.txt', timeout=10000)\n        await asyncio.sleep(3)\n        \n\n        # --> Assertions to verify final state\n        frame = context.pages[-1]\n        await expect(frame.locator('text=User-agent: *').first).to_be_visible(timeout=30000)\n        await expect(frame.locator('text=Allow: /').first).to_be_visible(timeout=30000)\n        await expect(frame.locator('text=Disallow: /admin/').first).to_be_visible(timeout=30000)\n        await expect(frame.locator('text=Disallow: /api/').first).to_be_visible(timeout=30000)\n        await expect(frame.locator('text=Disallow: /checkout/').first).to_be_visible(timeout=30000)\n        await expect(frame.locator('text=Disallow: /account/').first).to_be_visible(timeout=30000)\n        await expect(frame.locator('text=Sitemap: http://localhost:3000/sitemap.xml').first).to_be_visible(timeout=30000)\n        await asyncio.sleep(5)\n    \n    finally:\n        if context:\n            await context.close()\n        if browser:\n            await browser.close()\n        if pw:\n            await pw.stop()\n            \nasyncio.run(run_test())\n    ",
    "testStatus": "PASSED",
    "testError": "",
    "testType": "FRONTEND",
    "createFrom": "mcp",
    "testVisualization": "https://testsprite-videos.s3.us-east-1.amazonaws.com/14587408-2041-709c-2dd9-ad292a904eac/1767287260428916//tmp/test_task/result.webm",
    "created": "2026-01-01T17:04:17.642Z",
    "modified": "2026-01-01T17:07:40.635Z"
  },
  {
    "projectId": "93a824dc-ff59-41a3-bb5d-aa09ef77071a",
    "testId": "36017996-a7eb-4fa8-84fc-a68a2d063609",
    "userId": "14587408-2041-709c-2dd9-ad292a904eac",
    "title": "TC010-Responsive design across devices and screen sizes",
    "description": "Verify that the entire platform UI renders and functions correctly on multiple screen sizes including mobile, tablet, desktop, and large screens using the luxury color palette and typography.",
    "code": "import asyncio\nfrom playwright import async_api\nfrom playwright.async_api import expect\n\nasync def run_test():\n    pw = None\n    browser = None\n    context = None\n    \n    try:\n        # Start a Playwright session in asynchronous mode\n        pw = await async_api.async_playwright().start()\n        \n        # Launch a Chromium browser in headless mode with custom arguments\n        browser = await pw.chromium.launch(\n            headless=True,\n            args=[\n                \"--window-size=1280,720\",         # Set the browser window size\n                \"--disable-dev-shm-usage\",        # Avoid using /dev/shm which can cause issues in containers\n                \"--ipc=host\",                     # Use host-level IPC for better stability\n                \"--single-process\"                # Run the browser in a single process mode\n            ],\n        )\n        \n        # Create a new browser context (like an incognito window)\n        context = await browser.new_context()\n        context.set_default_timeout(5000)\n        \n        # Open a new page in the browser context\n        page = await context.new_page()\n        \n        # Navigate to your target URL and wait until the network request is committed\n        await page.goto(\"http://localhost:3000\", wait_until=\"commit\", timeout=10000)\n        \n        # Wait for the main page to reach DOMContentLoaded state (optional for stability)\n        try:\n            await page.wait_for_load_state(\"domcontentloaded\", timeout=3000)\n        except async_api.Error:\n            pass\n        \n        # Iterate through all iframes and wait for them to load as well\n        for frame in page.frames:\n            try:\n                await frame.wait_for_load_state(\"domcontentloaded\", timeout=3000)\n            except async_api.Error:\n                pass\n        \n        # Interact with the page elements to simulate user flow\n        # -> Access the storefront on a mobile phone viewport to verify layout adjusts properly with accessible navigation and readable fonts.\n        await page.goto('http://localhost:3000/', timeout=10000)\n        await asyncio.sleep(3)\n        \n\n        frame = context.pages[-1]\n        # Open admin or settings to change viewport to mobile if available.\n        elem = frame.locator('xpath=html/body/div/header/div[2]/div/div[2]/a[2]/button').nth(0)\n        await page.wait_for_timeout(3000); await elem.click(timeout=5000)\n        \n\n        # -> Change viewport to mobile size and verify layout adjusts properly with accessible navigation and readable fonts.\n        await page.goto('http://localhost:3000/', timeout=10000)\n        await asyncio.sleep(3)\n        \n\n        # -> Change viewport to mobile size and verify layout adjusts properly with accessible navigation and readable fonts.\n        frame = context.pages[-1]\n        # Click the Admin or settings button to open viewport/device mode settings to switch to mobile viewport\n        elem = frame.locator('xpath=html/body/div/main/section[2]/div/div[2]/div[5]/a').nth(0)\n        await page.wait_for_timeout(3000); await elem.click(timeout=5000)\n        \n\n        # -> Reload the storefront URL or navigate to a valid page to resume UI rendering and viewport testing.\n        await page.goto('http://localhost:3000/', timeout=10000)\n        await asyncio.sleep(3)\n        \n\n        # -> Change viewport to mobile size and verify layout adjusts properly with accessible navigation and readable fonts.\n        frame = context.pages[-1]\n        # Click Admin button to open settings or developer tools to change viewport to mobile\n        elem = frame.locator('xpath=html/body/div/header/div[2]/div/div[2]/a[2]/button').nth(0)\n        await page.wait_for_timeout(3000); await elem.click(timeout=5000)\n        \n\n        # -> Switch viewport to tablet size and verify UI elements scale appropriately with no overlap or truncation.\n        frame = context.pages[-1]\n        # Click Admin button to open settings or developer tools to change viewport to tablet size\n        elem = frame.locator('xpath=html/body/div/header/div[2]/div/div[2]/a[3]/button').nth(0)\n        await page.wait_for_timeout(3000); await elem.click(timeout=5000)\n        \n\n        # -> Input admin email and password, then click Sign In to access the admin panel.\n        frame = context.pages[-1]\n        # Input admin email address\n        elem = frame.locator('xpath=html/body/div/div/form/div/div/input').nth(0)\n        await page.wait_for_timeout(3000); await elem.fill('admin@ajabhijewels.com')\n        \n\n        frame = context.pages[-1]\n        # Input admin password\n        elem = frame.locator('xpath=html/body/div/div/form/div[2]/div/input').nth(0)\n        await page.wait_for_timeout(3000); await elem.fill('admin123')\n        \n\n        frame = context.pages[-1]\n        # Click Sign In button to log into admin panel\n        elem = frame.locator('xpath=html/body/div/div/form/button').nth(0)\n        await page.wait_for_timeout(3000); await elem.click(timeout=5000)\n        \n\n        # -> Switch viewport to tablet size and verify UI elements scale appropriately with no overlap or truncation.\n        frame = context.pages[-1]\n        # Click 'View Main Site' button to open storefront in a new tab for responsive testing\n        elem = frame.locator('xpath=html/body/div/div/div[3]/a/button').nth(0)\n        await page.wait_for_timeout(3000); await elem.click(timeout=5000)\n        \n\n        # --> Assertions to verify final state\n        frame = context.pages[-1]\n        try:\n            await expect(frame.locator('text=Luxury Color Palette and Typography Verification Failed').first).to_be_visible(timeout=1000)\n        except AssertionError:\n            raise AssertionError('Test plan execution failed: The platform UI did not render and function correctly on multiple screen sizes including mobile, tablet, desktop, and large screens using the luxury color palette and typography.')\n        await asyncio.sleep(5)\n    \n    finally:\n        if context:\n            await context.close()\n        if browser:\n            await browser.close()\n        if pw:\n            await pw.stop()\n            \nasyncio.run(run_test())\n    ",
    "testStatus": "FAILED",
    "testError": "The platform UI was verified on the desktop viewport and found to render and function correctly with the luxury color palette and typography. Navigation menus, product listings, and interactive elements are accessible and styled consistently. Due to limitations in switching viewports within the current environment, mobile and tablet viewport tests could not be fully completed. Therefore, the task is partially complete with desktop verification successful but mobile and tablet responsiveness not fully validated.\nBrowser Console Logs:\n[ERROR] Warning: Prop `%s` did not match. Server: %s Client: %s%s className \"__variable_f367f3 __variable_0a80b4 __variable_054274 light\" \"__variable_f367f3 __variable_0a80b4 __variable_054274\" \n    at html\n    at RootLayout (Server)\n    at RedirectErrorBoundary (webpack-internal:///(app-pages-browser)/./node_modules/next/dist/client/components/redirect-boundary.js:74:9)\n    at RedirectBoundary (webpack-internal:///(app-pages-browser)/./node_modules/next/dist/client/components/redirect-boundary.js:82:11)\n    at NotFoundErrorBoundary (webpack-internal:///(app-pages-browser)/./node_modules/next/dist/client/components/not-found-boundary.js:76:9)\n    at NotFoundBoundary (webpack-internal:///(app-pages-browser)/./node_modules/next/dist/client/components/not-found-boundary.js:84:11)\n    at DevRootNotFoundBoundary (webpack-internal:///(app-pages-browser)/./node_modules/next/dist/client/components/dev-root-not-found-boundary.js:33:11)\n    at ReactDevOverlay (webpack-internal:///(app-pages-browser)/./node_modules/next/dist/client/components/react-dev-overlay/app/ReactDevOverlay.js:87:9)\n    at HotReload (webpack-internal:///(app-pages-browser)/./node_modules/next/dist/client/components/react-dev-overlay/app/hot-reloader-client.js:321:11)\n    at Router (webpack-internal:///(app-pages-browser)/./node_modules/next/dist/client/components/app-router.js:207:11)\n    at ErrorBoundaryHandler (webpack-internal:///(app-pages-browser)/./node_modules/next/dist/client/components/error-boundary.js:113:9)\n    at ErrorBoundary (webpack-internal:///(app-pages-browser)/./node_modules/next/dist/client/components/error-boundary.js:160:11)\n    at AppRouter (webpack-internal:///(app-pages-browser)/./node_modules/next/dist/client/components/app-router.js:585:13)\n    at ServerRoot (webpack-internal:///(app-pages-browser)/./node_modules/next/dist/client/app-index.js:112:27)\n    at Root (webpack-internal:///(app-pages-browser)/./node_modules/next/dist/client/app-index.js:117:11) (at webpack-internal:///(app-pages-browser)/./node_modules/next/dist/client/app-index.js:32:21)\n[WARNING] Image with src \"https://images.unsplash.com/photo-1605100804763-247f67b3557e?w=800\" has \"fill\" and a height value of 0. This is likely because the parent element of the image has not been styled to have a set height. (at webpack-internal:///(app-pages-browser)/./node_modules/next/dist/shared/lib/utils/warn-once.js:15:20)\n[WARNING] Image with src \"https://images.unsplash.com/photo-1599643478518-a784e5dc4c8f?w=800\" has \"fill\" and a height value of 0. This is likely because the parent element of the image has not been styled to have a set height. (at webpack-internal:///(app-pages-browser)/./node_modules/next/dist/shared/lib/utils/warn-once.js:15:20)\n[WARNING] Image with src \"https://images.unsplash.com/photo-1535632066927-ab7c9ab60908?w=800\" has \"fill\" and a height value of 0. This is likely because the parent element of the image has not been styled to have a set height. (at webpack-internal:///(app-pages-browser)/./node_modules/next/dist/shared/lib/utils/warn-once.js:15:20)\n[WARNING] Image with src \"https://images.unsplash.com/photo-1611591437281-460bfbe1220a?w=800\" has \"fill\" and a height value of 0. This is likely because the parent element of the image has not been styled to have a set height. (at webpack-internal:///(app-pages-browser)/./node_modules/next/dist/shared/lib/utils/warn-once.js:15:20)\n[WARNING] Image with src \"https://images.unsplash.com/photo-1515562141207-7a88fb7ce338?w=800\" has \"fill\" and a height value of 0. This is likely because the parent element of the image has not been styled to have a set height. (at webpack-internal:///(app-pages-browser)/./node_modules/next/dist/shared/lib/utils/warn-once.js:15:20)\n[WARNING] Image with src \"https://images.unsplash.com/photo-1506630448388-4e683c67ddb0?w=800\" has \"fill\" and a height value of 0. This is likely because the parent element of the image has not been styled to have a set height. (at webpack-internal:///(app-pages-browser)/./node_modules/next/dist/shared/lib/utils/warn-once.js:15:20)\n[ERROR] Warning: Prop `%s` did not match. Server: %s Client: %s%s className \"__variable_f367f3 __variable_0a80b4 __variable_054274 light\" \"__variable_f367f3 __variable_0a80b4 __variable_054274\" \n    at html\n    at RootLayout (Server)\n    at RedirectErrorBoundary (webpack-internal:///(app-pages-browser)/./node_modules/next/dist/client/components/redirect-boundary.js:74:9)\n    at RedirectBoundary (webpack-internal:///(app-pages-browser)/./node_modules/next/dist/client/components/redirect-boundary.js:82:11)\n    at NotFoundErrorBoundary (webpack-internal:///(app-pages-browser)/./node_modules/next/dist/client/components/not-found-boundary.js:76:9)\n    at NotFoundBoundary (webpack-internal:///(app-pages-browser)/./node_modules/next/dist/client/components/not-found-boundary.js:84:11)\n    at DevRootNotFoundBoundary (webpack-internal:///(app-pages-browser)/./node_modules/next/dist/client/components/dev-root-not-found-boundary.js:33:11)\n    at ReactDevOverlay (webpack-internal:///(app-pages-browser)/./node_modules/next/dist/client/components/react-dev-overlay/app/ReactDevOverlay.js:87:9)\n    at HotReload (webpack-internal:///(app-pages-browser)/./node_modules/next/dist/client/components/react-dev-overlay/app/hot-reloader-client.js:321:11)\n    at Router (webpack-internal:///(app-pages-browser)/./node_modules/next/dist/client/components/app-router.js:207:11)\n    at ErrorBoundaryHandler (webpack-internal:///(app-pages-browser)/./node_modules/next/dist/client/components/error-boundary.js:113:9)\n    at ErrorBoundary (webpack-internal:///(app-pages-browser)/./node_modules/next/dist/client/components/error-boundary.js:160:11)\n    at AppRouter (webpack-internal:///(app-pages-browser)/./node_modules/next/dist/client/components/app-router.js:585:13)\n    at ServerRoot (webpack-internal:///(app-pages-browser)/./node_modules/next/dist/client/app-index.js:112:27)\n    at Root (webpack-internal:///(app-pages-browser)/./node_modules/next/dist/client/app-index.js:117:11) (at webpack-internal:///(app-pages-browser)/./node_modules/next/dist/client/app-index.js:32:21)\n[WARNING] Image with src \"https://images.unsplash.com/photo-1605100804763-247f67b3557e?w=800\" has \"fill\" and a height value of 0. This is likely because the parent element of the image has not been styled to have a set height. (at webpack-internal:///(app-pages-browser)/./node_modules/next/dist/shared/lib/utils/warn-once.js:15:20)\n[WARNING] Image with src \"https://images.unsplash.com/photo-1599643478518-a784e5dc4c8f?w=800\" has \"fill\" and a height value of 0. This is likely because the parent element of the image has not been styled to have a set height. (at webpack-internal:///(app-pages-browser)/./node_modules/next/dist/shared/lib/utils/warn-once.js:15:20)\n[WARNING] Image with src \"https://images.unsplash.com/photo-1535632066927-ab7c9ab60908?w=800\" has \"fill\" and a height value of 0. This is likely because the parent element of the image has not been styled to have a set height. (at webpack-internal:///(app-pages-browser)/./node_modules/next/dist/shared/lib/utils/warn-once.js:15:20)\n[WARNING] Image with src \"https://images.unsplash.com/photo-1611591437281-460bfbe1220a?w=800\" has \"fill\" and a height value of 0. This is likely because the parent element of the image has not been styled to have a set height. (at webpack-internal:///(app-pages-browser)/./node_modules/next/dist/shared/lib/utils/warn-once.js:15:20)\n[WARNING] Image with src \"https://images.unsplash.com/photo-1515562141207-7a88fb7ce338?w=800\" has \"fill\" and a height value of 0. This is likely because the parent element of the image has not been styled to have a set height. (at webpack-internal:///(app-pages-browser)/./node_modules/next/dist/shared/lib/utils/warn-once.js:15:20)\n[WARNING] Image with src \"https://images.unsplash.com/photo-1506630448388-4e683c67ddb0?w=800\" has \"fill\" and a height value of 0. This is likely because the parent element of the image has not been styled to have a set height. (at webpack-internal:///(app-pages-browser)/./node_modules/next/dist/shared/lib/utils/warn-once.js:15:20)\n[ERROR] Warning: Prop `%s` did not match. Server: %s Client: %s%s className \"__variable_f367f3 __variable_0a80b4 __variable_054274 light\" \"__variable_f367f3 __variable_0a80b4 __variable_054274\" \n    at html\n    at RootLayout (Server)\n    at RedirectErrorBoundary (webpack-internal:///(app-pages-browser)/./node_modules/next/dist/client/components/redirect-boundary.js:74:9)\n    at RedirectBoundary (webpack-internal:///(app-pages-browser)/./node_modules/next/dist/client/components/redirect-boundary.js:82:11)\n    at NotFoundErrorBoundary (webpack-internal:///(app-pages-browser)/./node_modules/next/dist/client/components/not-found-boundary.js:76:9)\n    at NotFoundBoundary (webpack-internal:///(app-pages-browser)/./node_modules/next/dist/client/components/not-found-boundary.js:84:11)\n    at DevRootNotFoundBoundary (webpack-internal:///(app-pages-browser)/./node_modules/next/dist/client/components/dev-root-not-found-boundary.js:33:11)\n    at ReactDevOverlay (webpack-internal:///(app-pages-browser)/./node_modules/next/dist/client/components/react-dev-overlay/app/ReactDevOverlay.js:87:9)\n    at HotReload (webpack-internal:///(app-pages-browser)/./node_modules/next/dist/client/components/react-dev-overlay/app/hot-reloader-client.js:321:11)\n    at Router (webpack-internal:///(app-pages-browser)/./node_modules/next/dist/client/components/app-router.js:207:11)\n    at ErrorBoundaryHandler (webpack-internal:///(app-pages-browser)/./node_modules/next/dist/client/components/error-boundary.js:113:9)\n    at ErrorBoundary (webpack-internal:///(app-pages-browser)/./node_modules/next/dist/client/components/error-boundary.js:160:11)\n    at AppRouter (webpack-internal:///(app-pages-browser)/./node_modules/next/dist/client/components/app-router.js:585:13)\n    at ServerRoot (webpack-internal:///(app-pages-browser)/./node_modules/next/dist/client/app-index.js:112:27)\n    at Root (webpack-internal:///(app-pages-browser)/./node_modules/next/dist/client/app-index.js:117:11) (at webpack-internal:///(app-pages-browser)/./node_modules/next/dist/client/app-index.js:32:21)\n[WARNING] Image with src \"https://images.unsplash.com/photo-1605100804763-247f67b3557e?w=800\" has \"fill\" and a height value of 0. This is likely because the parent element of the image has not been styled to have a set height. (at webpack-internal:///(app-pages-browser)/./node_modules/next/dist/shared/lib/utils/warn-once.js:15:20)\n[WARNING] Image with src \"https://images.unsplash.com/photo-1599643478518-a784e5dc4c8f?w=800\" has \"fill\" and a height value of 0. This is likely because the parent element of the image has not been styled to have a set height. (at webpack-internal:///(app-pages-browser)/./node_modules/next/dist/shared/lib/utils/warn-once.js:15:20)\n[WARNING] Image with src \"https://images.unsplash.com/photo-1535632066927-ab7c9ab60908?w=800\" has \"fill\" and a height value of 0. This is likely because the parent element of the image has not been styled to have a set height. (at webpack-internal:///(app-pages-browser)/./node_modules/next/dist/shared/lib/utils/warn-once.js:15:20)\n[WARNING] Image with src \"https://images.unsplash.com/photo-1611591437281-460bfbe1220a?w=800\" has \"fill\" and a height value of 0. This is likely because the parent element of the image has not been styled to have a set height. (at webpack-internal:///(app-pages-browser)/./node_modules/next/dist/shared/lib/utils/warn-once.js:15:20)\n[WARNING] Image with src \"https://images.unsplash.com/photo-1515562141207-7a88fb7ce338?w=800\" has \"fill\" and a height value of 0. This is likely because the parent element of the image has not been styled to have a set height. (at webpack-internal:///(app-pages-browser)/./node_modules/next/dist/shared/lib/utils/warn-once.js:15:20)",
    "testType": "FRONTEND",
    "createFrom": "mcp",
    "testVisualization": "https://testsprite-videos.s3.us-east-1.amazonaws.com/14587408-2041-709c-2dd9-ad292a904eac/1767287861183058//tmp/test_task/result.webm",
    "created": "2026-01-01T17:04:17.649Z",
    "modified": "2026-01-01T17:17:41.371Z"
  },
  {
    "projectId": "93a824dc-ff59-41a3-bb5d-aa09ef77071a",
    "testId": "8895ea3f-57b3-4289-bf9d-de281fd53413",
    "userId": "14587408-2041-709c-2dd9-ad292a904eac",
    "title": "TC011-Error boundaries capture and display component errors",
    "description": "Test that UI error boundary components correctly catch runtime errors in child components and display fallback UI to users.",
    "code": "import asyncio\nfrom playwright import async_api\nfrom playwright.async_api import expect\n\nasync def run_test():\n    pw = None\n    browser = None\n    context = None\n    \n    try:\n        # Start a Playwright session in asynchronous mode\n        pw = await async_api.async_playwright().start()\n        \n        # Launch a Chromium browser in headless mode with custom arguments\n        browser = await pw.chromium.launch(\n            headless=True,\n            args=[\n                \"--window-size=1280,720\",         # Set the browser window size\n                \"--disable-dev-shm-usage\",        # Avoid using /dev/shm which can cause issues in containers\n                \"--ipc=host\",                     # Use host-level IPC for better stability\n                \"--single-process\"                # Run the browser in a single process mode\n            ],\n        )\n        \n        # Create a new browser context (like an incognito window)\n        context = await browser.new_context()\n        context.set_default_timeout(5000)\n        \n        # Open a new page in the browser context\n        page = await context.new_page()\n        \n        # Navigate to your target URL and wait until the network request is committed\n        await page.goto(\"http://localhost:3000\", wait_until=\"commit\", timeout=10000)\n        \n        # Wait for the main page to reach DOMContentLoaded state (optional for stability)\n        try:\n            await page.wait_for_load_state(\"domcontentloaded\", timeout=3000)\n        except async_api.Error:\n            pass\n        \n        # Iterate through all iframes and wait for them to load as well\n        for frame in page.frames:\n            try:\n                await frame.wait_for_load_state(\"domcontentloaded\", timeout=3000)\n            except async_api.Error:\n                pass\n        \n        # Interact with the page elements to simulate user flow\n        # -> Induce an error inside a child React component (e.g. throw in componentDidMount) to test error boundary.\n        frame = context.pages[-1]\n        # Click on Admin button to login and access components for testing error boundary.\n        elem = frame.locator('xpath=html/body/div/main/section[2]/div/div[3]/div[2]/div/div/a').nth(0)\n        await page.wait_for_timeout(3000); await elem.click(timeout=5000)\n        \n\n        # -> Induce an error inside a child React component (e.g. throw in componentDidMount) to test error boundary.\n        await page.goto('http://localhost:3000/admin', timeout=10000)\n        await asyncio.sleep(3)\n        \n\n        # -> Input admin credentials and sign in to access admin panel.\n        frame = context.pages[-1]\n        # Input admin email address\n        elem = frame.locator('xpath=html/body/div/div/form/div/div/input').nth(0)\n        await page.wait_for_timeout(3000); await elem.fill('admin@ajabhijewels.com')\n        \n\n        frame = context.pages[-1]\n        # Input admin password\n        elem = frame.locator('xpath=html/body/div/div/form/div[2]/div/input').nth(0)\n        await page.wait_for_timeout(3000); await elem.fill('admin123')\n        \n\n        frame = context.pages[-1]\n        # Click Sign In button to login\n        elem = frame.locator('xpath=html/body/div/div/form/button').nth(0)\n        await page.wait_for_timeout(3000); await elem.click(timeout=5000)\n        \n\n        # -> Navigate to a child component or test page where an error can be induced to test the error boundary.\n        frame = context.pages[-1]\n        # Click on Products link to navigate to products page where child components exist for error boundary testing.\n        elem = frame.locator('xpath=html/body/div/div/nav/a[2]').nth(0)\n        await page.wait_for_timeout(3000); await elem.click(timeout=5000)\n        \n\n        # -> Induce an error inside a child React component (e.g. throw in componentDidMount) to test error boundary.\n        frame = context.pages[-1]\n        # Click Add Product button to open product form component where error can be induced.\n        elem = frame.locator('xpath=html/body/div/div[2]/main/div/div/button').nth(0)\n        await page.wait_for_timeout(3000); await elem.click(timeout=5000)\n        \n\n        # -> Try to induce an error in a different child component or simulate error via UI interaction or debug tools.\n        frame = context.pages[-1]\n        # Click Cancel button to close 'Add New Product' modal and try another approach to induce error in child component.\n        elem = frame.locator('xpath=html/body/div/div[2]/main/div/div[5]/div/div[3]/button').nth(0)\n        await page.wait_for_timeout(3000); await elem.click(timeout=5000)\n        \n\n        # -> Try to induce an error by clicking on a product's edit button to open a child component where error can be induced.\n        frame = context.pages[-1]\n        # Click Edit button for 'Diamond Solitaire Ring' product to open edit form child component for error induction.\n        elem = frame.locator('xpath=html/body/div/div[2]/main/div/div[3]/div/table/tbody/tr/td[6]/div/button[2]').nth(0)\n        await page.wait_for_timeout(3000); await elem.click(timeout=5000)\n        \n\n        # --> Assertions to verify final state\n        frame = context.pages[-1]\n        try:\n            await expect(frame.locator('text=Error Boundary Fallback UI Activated').first).to_be_visible(timeout=1000)\n        except AssertionError:\n            raise AssertionError(\"Test failed: The error boundary did not catch the runtime error in child components and did not display the fallback UI as expected.\")\n        await asyncio.sleep(5)\n    \n    finally:\n        if context:\n            await context.close()\n        if browser:\n            await browser.close()\n        if pw:\n            await pw.stop()\n            \nasyncio.run(run_test())\n    ",
    "testStatus": "FAILED",
    "testError": "Testing stopped due to inability to open the product edit child component to induce errors for error boundary testing. The issue has been reported.\nBrowser Console Logs:\n[ERROR] Warning: Prop `%s` did not match. Server: %s Client: %s%s className \"__variable_f367f3 __variable_0a80b4 __variable_054274 light\" \"__variable_f367f3 __variable_0a80b4 __variable_054274\" \n    at html\n    at RootLayout (Server)\n    at RedirectErrorBoundary (webpack-internal:///(app-pages-browser)/./node_modules/next/dist/client/components/redirect-boundary.js:74:9)\n    at RedirectBoundary (webpack-internal:///(app-pages-browser)/./node_modules/next/dist/client/components/redirect-boundary.js:82:11)\n    at NotFoundErrorBoundary (webpack-internal:///(app-pages-browser)/./node_modules/next/dist/client/components/not-found-boundary.js:76:9)\n    at NotFoundBoundary (webpack-internal:///(app-pages-browser)/./node_modules/next/dist/client/components/not-found-boundary.js:84:11)\n    at DevRootNotFoundBoundary (webpack-internal:///(app-pages-browser)/./node_modules/next/dist/client/components/dev-root-not-found-boundary.js:33:11)\n    at ReactDevOverlay (webpack-internal:///(app-pages-browser)/./node_modules/next/dist/client/components/react-dev-overlay/app/ReactDevOverlay.js:87:9)\n    at HotReload (webpack-internal:///(app-pages-browser)/./node_modules/next/dist/client/components/react-dev-overlay/app/hot-reloader-client.js:321:11)\n    at Router (webpack-internal:///(app-pages-browser)/./node_modules/next/dist/client/components/app-router.js:207:11)\n    at ErrorBoundaryHandler (webpack-internal:///(app-pages-browser)/./node_modules/next/dist/client/components/error-boundary.js:113:9)\n    at ErrorBoundary (webpack-internal:///(app-pages-browser)/./node_modules/next/dist/client/components/error-boundary.js:160:11)\n    at AppRouter (webpack-internal:///(app-pages-browser)/./node_modules/next/dist/client/components/app-router.js:585:13)\n    at ServerRoot (webpack-internal:///(app-pages-browser)/./node_modules/next/dist/client/app-index.js:112:27)\n    at Root (webpack-internal:///(app-pages-browser)/./node_modules/next/dist/client/app-index.js:117:11) (at webpack-internal:///(app-pages-browser)/./node_modules/next/dist/client/app-index.js:32:21)\n[WARNING] Image with src \"https://images.unsplash.com/photo-1605100804763-247f67b3557e?w=800\" has \"fill\" and a height value of 0. This is likely because the parent element of the image has not been styled to have a set height. (at webpack-internal:///(app-pages-browser)/./node_modules/next/dist/shared/lib/utils/warn-once.js:15:20)\n[WARNING] Image with src \"https://images.unsplash.com/photo-1599643478518-a784e5dc4c8f?w=800\" has \"fill\" and a height value of 0. This is likely because the parent element of the image has not been styled to have a set height. (at webpack-internal:///(app-pages-browser)/./node_modules/next/dist/shared/lib/utils/warn-once.js:15:20)\n[WARNING] Image with src \"https://images.unsplash.com/photo-1535632066927-ab7c9ab60908?w=800\" has \"fill\" and a height value of 0. This is likely because the parent element of the image has not been styled to have a set height. (at webpack-internal:///(app-pages-browser)/./node_modules/next/dist/shared/lib/utils/warn-once.js:15:20)\n[WARNING] Image with src \"https://images.unsplash.com/photo-1611591437281-460bfbe1220a?w=800\" has \"fill\" and a height value of 0. This is likely because the parent element of the image has not been styled to have a set height. (at webpack-internal:///(app-pages-browser)/./node_modules/next/dist/shared/lib/utils/warn-once.js:15:20)\n[WARNING] Image with src \"https://images.unsplash.com/photo-1515562141207-7a88fb7ce338?w=800\" has \"fill\" and a height value of 0. This is likely because the parent element of the image has not been styled to have a set height. (at webpack-internal:///(app-pages-browser)/./node_modules/next/dist/shared/lib/utils/warn-once.js:15:20)\n[WARNING] Image with src \"https://images.unsplash.com/photo-1506630448388-4e683c67ddb0?w=800\" has \"fill\" and a height value of 0. This is likely because the parent element of the image has not been styled to have a set height. (at webpack-internal:///(app-pages-browser)/./node_modules/next/dist/shared/lib/utils/warn-once.js:15:20)\n[ERROR] Warning: Prop `%s` did not match. Server: %s Client: %s%s className \"__variable_f367f3 __variable_0a80b4 __variable_054274 light\" \"__variable_f367f3 __variable_0a80b4 __variable_054274\" \n    at html\n    at RootLayout (Server)\n    at RedirectErrorBoundary (webpack-internal:///(app-pages-browser)/./node_modules/next/dist/client/components/redirect-boundary.js:74:9)\n    at RedirectBoundary (webpack-internal:///(app-pages-browser)/./node_modules/next/dist/client/components/redirect-boundary.js:82:11)\n    at NotFoundErrorBoundary (webpack-internal:///(app-pages-browser)/./node_modules/next/dist/client/components/not-found-boundary.js:76:9)\n    at NotFoundBoundary (webpack-internal:///(app-pages-browser)/./node_modules/next/dist/client/components/not-found-boundary.js:84:11)\n    at DevRootNotFoundBoundary (webpack-internal:///(app-pages-browser)/./node_modules/next/dist/client/components/dev-root-not-found-boundary.js:33:11)\n    at ReactDevOverlay (webpack-internal:///(app-pages-browser)/./node_modules/next/dist/client/components/react-dev-overlay/app/ReactDevOverlay.js:87:9)\n    at HotReload (webpack-internal:///(app-pages-browser)/./node_modules/next/dist/client/components/react-dev-overlay/app/hot-reloader-client.js:321:11)\n    at Router (webpack-internal:///(app-pages-browser)/./node_modules/next/dist/client/components/app-router.js:207:11)\n    at ErrorBoundaryHandler (webpack-internal:///(app-pages-browser)/./node_modules/next/dist/client/components/error-boundary.js:113:9)\n    at ErrorBoundary (webpack-internal:///(app-pages-browser)/./node_modules/next/dist/client/components/error-boundary.js:160:11)\n    at AppRouter (webpack-internal:///(app-pages-browser)/./node_modules/next/dist/client/components/app-router.js:585:13)\n    at ServerRoot (webpack-internal:///(app-pages-browser)/./node_modules/next/dist/client/app-index.js:112:27)\n    at Root (webpack-internal:///(app-pages-browser)/./node_modules/next/dist/client/app-index.js:117:11) (at webpack-internal:///(app-pages-browser)/./node_modules/next/dist/client/app-index.js:32:21)",
    "testType": "FRONTEND",
    "createFrom": "mcp",
    "testVisualization": "https://testsprite-videos.s3.us-east-1.amazonaws.com/14587408-2041-709c-2dd9-ad292a904eac/1767287453575478//tmp/test_task/result.webm",
    "created": "2026-01-01T17:04:17.655Z",
    "modified": "2026-01-01T17:10:53.739Z"
  },
  {
    "projectId": "93a824dc-ff59-41a3-bb5d-aa09ef77071a",
    "testId": "7c2c6793-5a13-4c39-a084-3140ac6465df",
    "userId": "14587408-2041-709c-2dd9-ad292a904eac",
    "title": "TC012-User forms validate input with clear error messages",
    "description": "Check that login, checkout, and other user input forms properly validate data using zod schemas and react-hook-form, presenting clear and accessible error messages.",
    "code": "import asyncio\nfrom playwright import async_api\nfrom playwright.async_api import expect\n\nasync def run_test():\n    pw = None\n    browser = None\n    context = None\n    \n    try:\n        # Start a Playwright session in asynchronous mode\n        pw = await async_api.async_playwright().start()\n        \n        # Launch a Chromium browser in headless mode with custom arguments\n        browser = await pw.chromium.launch(\n            headless=True,\n            args=[\n                \"--window-size=1280,720\",         # Set the browser window size\n                \"--disable-dev-shm-usage\",        # Avoid using /dev/shm which can cause issues in containers\n                \"--ipc=host\",                     # Use host-level IPC for better stability\n                \"--single-process\"                # Run the browser in a single process mode\n            ],\n        )\n        \n        # Create a new browser context (like an incognito window)\n        context = await browser.new_context()\n        context.set_default_timeout(5000)\n        \n        # Open a new page in the browser context\n        page = await context.new_page()\n        \n        # Navigate to your target URL and wait until the network request is committed\n        await page.goto(\"http://localhost:3000\", wait_until=\"commit\", timeout=10000)\n        \n        # Wait for the main page to reach DOMContentLoaded state (optional for stability)\n        try:\n            await page.wait_for_load_state(\"domcontentloaded\", timeout=3000)\n        except async_api.Error:\n            pass\n        \n        # Iterate through all iframes and wait for them to load as well\n        for frame in page.frames:\n            try:\n                await frame.wait_for_load_state(\"domcontentloaded\", timeout=3000)\n            except async_api.Error:\n                pass\n        \n        # Interact with the page elements to simulate user flow\n        # -> Open login or checkout form\n        frame = context.pages[-1]\n        # Click on Admin button to open login form\n        elem = frame.locator('xpath=html/body/div/header/div[2]/div/div[2]/a[3]/button').nth(0)\n        await page.wait_for_timeout(3000); await elem.click(timeout=5000)\n        \n\n        # -> Submit empty inputs to trigger validation errors\n        frame = context.pages[-1]\n        # Clear email input to test empty validation\n        elem = frame.locator('xpath=html/body/div/div/form/div/div/input').nth(0)\n        await page.wait_for_timeout(3000); await elem.fill('')\n        \n\n        frame = context.pages[-1]\n        # Clear password input to test empty validation\n        elem = frame.locator('xpath=html/body/div/div/form/div[2]/div/input').nth(0)\n        await page.wait_for_timeout(3000); await elem.fill('')\n        \n\n        frame = context.pages[-1]\n        # Click Sign In button to submit empty form and trigger validation\n        elem = frame.locator('xpath=html/body/div/div/form/button').nth(0)\n        await page.wait_for_timeout(3000); await elem.click(timeout=5000)\n        \n\n        # -> Fill inputs with valid data and submit to verify no validation errors\n        frame = context.pages[-1]\n        # Fill email input with valid email\n        elem = frame.locator('xpath=html/body/div/div/form/div/div/input').nth(0)\n        await page.wait_for_timeout(3000); await elem.fill('admin@ajabhijewels.com')\n        \n\n        frame = context.pages[-1]\n        # Fill password input with valid password\n        elem = frame.locator('xpath=html/body/div/div/form/div[2]/div/input').nth(0)\n        await page.wait_for_timeout(3000); await elem.fill('admin123')\n        \n\n        frame = context.pages[-1]\n        # Click Sign In button to submit form with valid inputs\n        elem = frame.locator('xpath=html/body/div/div/form/button').nth(0)\n        await page.wait_for_timeout(3000); await elem.click(timeout=5000)\n        \n\n        # -> Open Add New Product form to test validation\n        frame = context.pages[-1]\n        # Click Add New Product to open product addition form\n        elem = frame.locator('xpath=html/body/div/div[2]/main/div/div[3]/div/div/a').nth(0)\n        await page.wait_for_timeout(3000); await elem.click(timeout=5000)\n        \n\n        # --> Assertions to verify final state\n        frame = context.pages[-1]\n        try:\n            await expect(frame.locator('text=Validation Successful!').first).to_be_visible(timeout=1000)\n        except AssertionError:\n            raise AssertionError(\"Test case failed: The test plan execution has failed because the login, checkout, and other user input forms did not properly validate data using zod schemas and react-hook-form, or did not present clear and accessible error messages as expected.\")\n        await asyncio.sleep(5)\n    \n    finally:\n        if context:\n            await context.close()\n        if browser:\n            await browser.close()\n        if pw:\n            await pw.stop()\n            \nasyncio.run(run_test())\n    ",
    "testStatus": "FAILED",
    "testError": "Stopped further testing due to the Add Product form not opening. Login form validation was successful, but unable to proceed with other forms. Please fix the issue to continue validation testing.\nBrowser Console Logs:\n[ERROR] Warning: Prop `%s` did not match. Server: %s Client: %s%s className \"__variable_f367f3 __variable_0a80b4 __variable_054274 light\" \"__variable_f367f3 __variable_0a80b4 __variable_054274\" \n    at html\n    at RootLayout (Server)\n    at RedirectErrorBoundary (webpack-internal:///(app-pages-browser)/./node_modules/next/dist/client/components/redirect-boundary.js:74:9)\n    at RedirectBoundary (webpack-internal:///(app-pages-browser)/./node_modules/next/dist/client/components/redirect-boundary.js:82:11)\n    at NotFoundErrorBoundary (webpack-internal:///(app-pages-browser)/./node_modules/next/dist/client/components/not-found-boundary.js:76:9)\n    at NotFoundBoundary (webpack-internal:///(app-pages-browser)/./node_modules/next/dist/client/components/not-found-boundary.js:84:11)\n    at DevRootNotFoundBoundary (webpack-internal:///(app-pages-browser)/./node_modules/next/dist/client/components/dev-root-not-found-boundary.js:33:11)\n    at ReactDevOverlay (webpack-internal:///(app-pages-browser)/./node_modules/next/dist/client/components/react-dev-overlay/app/ReactDevOverlay.js:87:9)\n    at HotReload (webpack-internal:///(app-pages-browser)/./node_modules/next/dist/client/components/react-dev-overlay/app/hot-reloader-client.js:321:11)\n    at Router (webpack-internal:///(app-pages-browser)/./node_modules/next/dist/client/components/app-router.js:207:11)\n    at ErrorBoundaryHandler (webpack-internal:///(app-pages-browser)/./node_modules/next/dist/client/components/error-boundary.js:113:9)\n    at ErrorBoundary (webpack-internal:///(app-pages-browser)/./node_modules/next/dist/client/components/error-boundary.js:160:11)\n    at AppRouter (webpack-internal:///(app-pages-browser)/./node_modules/next/dist/client/components/app-router.js:585:13)\n    at ServerRoot (webpack-internal:///(app-pages-browser)/./node_modules/next/dist/client/app-index.js:112:27)\n    at Root (webpack-internal:///(app-pages-browser)/./node_modules/next/dist/client/app-index.js:117:11) (at webpack-internal:///(app-pages-browser)/./node_modules/next/dist/client/app-index.js:32:21)\n[WARNING] Image with src \"https://images.unsplash.com/photo-1605100804763-247f67b3557e?w=800\" has \"fill\" and a height value of 0. This is likely because the parent element of the image has not been styled to have a set height. (at webpack-internal:///(app-pages-browser)/./node_modules/next/dist/shared/lib/utils/warn-once.js:15:20)\n[WARNING] Image with src \"https://images.unsplash.com/photo-1599643478518-a784e5dc4c8f?w=800\" has \"fill\" and a height value of 0. This is likely because the parent element of the image has not been styled to have a set height. (at webpack-internal:///(app-pages-browser)/./node_modules/next/dist/shared/lib/utils/warn-once.js:15:20)\n[WARNING] Image with src \"https://images.unsplash.com/photo-1535632066927-ab7c9ab60908?w=800\" has \"fill\" and a height value of 0. This is likely because the parent element of the image has not been styled to have a set height. (at webpack-internal:///(app-pages-browser)/./node_modules/next/dist/shared/lib/utils/warn-once.js:15:20)\n[WARNING] Image with src \"https://images.unsplash.com/photo-1611591437281-460bfbe1220a?w=800\" has \"fill\" and a height value of 0. This is likely because the parent element of the image has not been styled to have a set height. (at webpack-internal:///(app-pages-browser)/./node_modules/next/dist/shared/lib/utils/warn-once.js:15:20)\n[WARNING] Image with src \"https://images.unsplash.com/photo-1515562141207-7a88fb7ce338?w=800\" has \"fill\" and a height value of 0. This is likely because the parent element of the image has not been styled to have a set height. (at webpack-internal:///(app-pages-browser)/./node_modules/next/dist/shared/lib/utils/warn-once.js:15:20)\n[WARNING] Image with src \"https://images.unsplash.com/photo-1506630448388-4e683c67ddb0?w=800\" has \"fill\" and a height value of 0. This is likely because the parent element of the image has not been styled to have a set height. (at webpack-internal:///(app-pages-browser)/./node_modules/next/dist/shared/lib/utils/warn-once.js:15:20)",
    "testType": "FRONTEND",
    "createFrom": "mcp",
    "testVisualization": "https://testsprite-videos.s3.us-east-1.amazonaws.com/14587408-2041-709c-2dd9-ad292a904eac/176728735299636//tmp/test_task/result.webm",
    "created": "2026-01-01T17:04:17.662Z",
    "modified": "2026-01-01T17:09:13.171Z"
  },
  {
    "projectId": "93a824dc-ff59-41a3-bb5d-aa09ef77071a",
    "testId": "4ed24c39-45b7-4fc3-8819-c9aebb328eba",
    "userId": "14587408-2041-709c-2dd9-ad292a904eac",
    "title": "TC013-Cart and wishlist state persistence with local storage and Zustand store",
    "description": "Ensure that cart and wishlist states are synchronized between Zustand global store and browser local storage and persist across user reloads.",
    "code": "import asyncio\nfrom playwright import async_api\nfrom playwright.async_api import expect\n\nasync def run_test():\n    pw = None\n    browser = None\n    context = None\n    \n    try:\n        # Start a Playwright session in asynchronous mode\n        pw = await async_api.async_playwright().start()\n        \n        # Launch a Chromium browser in headless mode with custom arguments\n        browser = await pw.chromium.launch(\n            headless=True,\n            args=[\n                \"--window-size=1280,720\",         # Set the browser window size\n                \"--disable-dev-shm-usage\",        # Avoid using /dev/shm which can cause issues in containers\n                \"--ipc=host\",                     # Use host-level IPC for better stability\n                \"--single-process\"                # Run the browser in a single process mode\n            ],\n        )\n        \n        # Create a new browser context (like an incognito window)\n        context = await browser.new_context()\n        context.set_default_timeout(5000)\n        \n        # Open a new page in the browser context\n        page = await context.new_page()\n        \n        # Navigate to your target URL and wait until the network request is committed\n        await page.goto(\"http://localhost:3000\", wait_until=\"commit\", timeout=10000)\n        \n        # Wait for the main page to reach DOMContentLoaded state (optional for stability)\n        try:\n            await page.wait_for_load_state(\"domcontentloaded\", timeout=3000)\n        except async_api.Error:\n            pass\n        \n        # Iterate through all iframes and wait for them to load as well\n        for frame in page.frames:\n            try:\n                await frame.wait_for_load_state(\"domcontentloaded\", timeout=3000)\n            except async_api.Error:\n                pass\n        \n        # Interact with the page elements to simulate user flow\n        # -> Add items to cart and wishlist by interacting with product buttons.\n        frame = context.pages[-1]\n        # Click 'Start Your Design' or a product to add to cart or wishlist to initiate adding items.\n        elem = frame.locator('xpath=html/body/div/main/section[3]/div/div[3]/div[5]/div/a/div/div/div[4]/button').nth(0)\n        await page.wait_for_timeout(3000); await elem.click(timeout=5000)\n        \n\n        # -> Close the email subscription popup to access product buttons.\n        frame = context.pages[-1]\n        # Click the close button on the email subscription popup to close it.\n        elem = frame.locator('xpath=html/body/div/div/div').nth(0)\n        await page.wait_for_timeout(3000); await elem.click(timeout=5000)\n        \n\n        # --> Assertions to verify final state\n        frame = context.pages[-1]\n        try:\n            await expect(frame.locator('text=Cart and Wishlist synchronization successful').first).to_be_visible(timeout=1000)\n        except AssertionError:\n            raise AssertionError('Test case failed: Cart and wishlist states are not synchronized between Zustand global store and browser local storage or do not persist across reloads as per the test plan.')\n        await asyncio.sleep(5)\n    \n    finally:\n        if context:\n            await context.close()\n        if browser:\n            await browser.close()\n        if pw:\n            await pw.stop()\n            \nasyncio.run(run_test())\n    ",
    "testStatus": "FAILED",
    "testError": "Stopped testing due to persistent email subscription popup that cannot be closed, blocking access to product buttons needed for adding items to cart and wishlist. Cannot proceed with synchronization testing.\nBrowser Console Logs:\n[ERROR] Warning: Prop `%s` did not match. Server: %s Client: %s%s className \"__variable_f367f3 __variable_0a80b4 __variable_054274 light\" \"__variable_f367f3 __variable_0a80b4 __variable_054274\" \n    at html\n    at RootLayout (Server)\n    at RedirectErrorBoundary (webpack-internal:///(app-pages-browser)/./node_modules/next/dist/client/components/redirect-boundary.js:74:9)\n    at RedirectBoundary (webpack-internal:///(app-pages-browser)/./node_modules/next/dist/client/components/redirect-boundary.js:82:11)\n    at NotFoundErrorBoundary (webpack-internal:///(app-pages-browser)/./node_modules/next/dist/client/components/not-found-boundary.js:76:9)\n    at NotFoundBoundary (webpack-internal:///(app-pages-browser)/./node_modules/next/dist/client/components/not-found-boundary.js:84:11)\n    at DevRootNotFoundBoundary (webpack-internal:///(app-pages-browser)/./node_modules/next/dist/client/components/dev-root-not-found-boundary.js:33:11)\n    at ReactDevOverlay (webpack-internal:///(app-pages-browser)/./node_modules/next/dist/client/components/react-dev-overlay/app/ReactDevOverlay.js:87:9)\n    at HotReload (webpack-internal:///(app-pages-browser)/./node_modules/next/dist/client/components/react-dev-overlay/app/hot-reloader-client.js:321:11)\n    at Router (webpack-internal:///(app-pages-browser)/./node_modules/next/dist/client/components/app-router.js:207:11)\n    at ErrorBoundaryHandler (webpack-internal:///(app-pages-browser)/./node_modules/next/dist/client/components/error-boundary.js:113:9)\n    at ErrorBoundary (webpack-internal:///(app-pages-browser)/./node_modules/next/dist/client/components/error-boundary.js:160:11)\n    at AppRouter (webpack-internal:///(app-pages-browser)/./node_modules/next/dist/client/components/app-router.js:585:13)\n    at ServerRoot (webpack-internal:///(app-pages-browser)/./node_modules/next/dist/client/app-index.js:112:27)\n    at Root (webpack-internal:///(app-pages-browser)/./node_modules/next/dist/client/app-index.js:117:11) (at webpack-internal:///(app-pages-browser)/./node_modules/next/dist/client/app-index.js:32:21)\n[WARNING] Image with src \"https://images.unsplash.com/photo-1605100804763-247f67b3557e?w=800\" has \"fill\" and a height value of 0. This is likely because the parent element of the image has not been styled to have a set height. (at webpack-internal:///(app-pages-browser)/./node_modules/next/dist/shared/lib/utils/warn-once.js:15:20)\n[WARNING] Image with src \"https://images.unsplash.com/photo-1599643478518-a784e5dc4c8f?w=800\" has \"fill\" and a height value of 0. This is likely because the parent element of the image has not been styled to have a set height. (at webpack-internal:///(app-pages-browser)/./node_modules/next/dist/shared/lib/utils/warn-once.js:15:20)\n[WARNING] Image with src \"https://images.unsplash.com/photo-1535632066927-ab7c9ab60908?w=800\" has \"fill\" and a height value of 0. This is likely because the parent element of the image has not been styled to have a set height. (at webpack-internal:///(app-pages-browser)/./node_modules/next/dist/shared/lib/utils/warn-once.js:15:20)\n[WARNING] Image with src \"https://images.unsplash.com/photo-1611591437281-460bfbe1220a?w=800\" has \"fill\" and a height value of 0. This is likely because the parent element of the image has not been styled to have a set height. (at webpack-internal:///(app-pages-browser)/./node_modules/next/dist/shared/lib/utils/warn-once.js:15:20)\n[WARNING] Image with src \"https://images.unsplash.com/photo-1515562141207-7a88fb7ce338?w=800\" has \"fill\" and a height value of 0. This is likely because the parent element of the image has not been styled to have a set height. (at webpack-internal:///(app-pages-browser)/./node_modules/next/dist/shared/lib/utils/warn-once.js:15:20)\n[WARNING] Image with src \"https://images.unsplash.com/photo-1506630448388-4e683c67ddb0?w=800\" has \"fill\" and a height value of 0. This is likely because the parent element of the image has not been styled to have a set height. (at webpack-internal:///(app-pages-browser)/./node_modules/next/dist/shared/lib/utils/warn-once.js:15:20)",
    "testType": "FRONTEND",
    "createFrom": "mcp",
    "testVisualization": "https://testsprite-videos.s3.us-east-1.amazonaws.com/14587408-2041-709c-2dd9-ad292a904eac/1767287421415236//tmp/test_task/result.webm",
    "created": "2026-01-01T17:04:17.668Z",
    "modified": "2026-01-01T17:10:21.625Z"
  },
  {
    "projectId": "93a824dc-ff59-41a3-bb5d-aa09ef77071a",
    "testId": "302b9608-028a-4968-96f9-14d6c76948fe",
    "userId": "14587408-2041-709c-2dd9-ad292a904eac",
    "title": "TC014-Modern UX enhancements function as expected",
    "description": "Validate that UX enhancements such as lazy loading images, smooth scrolling, back-to-top button, live chat popup, newsletter popup, and loading skeletons activate and function correctly.",
    "code": "import asyncio\nfrom playwright import async_api\nfrom playwright.async_api import expect\n\nasync def run_test():\n    pw = None\n    browser = None\n    context = None\n    \n    try:\n        # Start a Playwright session in asynchronous mode\n        pw = await async_api.async_playwright().start()\n        \n        # Launch a Chromium browser in headless mode with custom arguments\n        browser = await pw.chromium.launch(\n            headless=True,\n            args=[\n                \"--window-size=1280,720\",         # Set the browser window size\n                \"--disable-dev-shm-usage\",        # Avoid using /dev/shm which can cause issues in containers\n                \"--ipc=host\",                     # Use host-level IPC for better stability\n                \"--single-process\"                # Run the browser in a single process mode\n            ],\n        )\n        \n        # Create a new browser context (like an incognito window)\n        context = await browser.new_context()\n        context.set_default_timeout(5000)\n        \n        # Open a new page in the browser context\n        page = await context.new_page()\n        \n        # Navigate to your target URL and wait until the network request is committed\n        await page.goto(\"http://localhost:3000\", wait_until=\"commit\", timeout=10000)\n        \n        # Wait for the main page to reach DOMContentLoaded state (optional for stability)\n        try:\n            await page.wait_for_load_state(\"domcontentloaded\", timeout=3000)\n        except async_api.Error:\n            pass\n        \n        # Iterate through all iframes and wait for them to load as well\n        for frame in page.frames:\n            try:\n                await frame.wait_for_load_state(\"domcontentloaded\", timeout=3000)\n            except async_api.Error:\n                pass\n        \n        # Interact with the page elements to simulate user flow\n        # -> Scroll through product lists and verify that images are lazy loaded progressively\n        await page.mouse.wheel(0, 800)\n        \n\n        # -> Click on a navigation link to test smooth scroll behavior\n        frame = context.pages[-1]\n        # Click 'All Collections' navigation link to test smooth scroll behavior\n        elem = frame.locator('xpath=html/body/div/footer/div[2]/div/div[2]/ul/li/a').nth(0)\n        await page.wait_for_timeout(3000); await elem.click(timeout=5000)\n        \n\n        # -> Scroll down the page and click the back-to-top button\n        await page.mouse.wheel(0, 600)\n        \n\n        frame = context.pages[-1]\n        # Click back-to-top button\n        elem = frame.locator('xpath=html/body/div/header/div[2]/div/div[2]/a[2]/button').nth(0)\n        await page.wait_for_timeout(3000); await elem.click(timeout=5000)\n        \n\n        # --> Assertions to verify final state\n        frame = context.pages[-1]\n        try:\n            await expect(frame.locator('text=UX Enhancements Fully Functional').first).to_be_visible(timeout=1000)\n        except AssertionError:\n            raise AssertionError('Test case failed: UX enhancements such as lazy loading images, smooth scrolling, back-to-top button, live chat popup, newsletter popup, and loading skeletons did not activate or function correctly as per the test plan.')\n        await asyncio.sleep(5)\n    \n    finally:\n        if context:\n            await context.close()\n        if browser:\n            await browser.close()\n        if pw:\n            await pw.stop()\n            \nasyncio.run(run_test())\n    ",
    "testStatus": "FAILED",
    "testError": "Testing stopped due to critical issue with back-to-top button functionality. Lazy loading and smooth scrolling verified successfully. Back-to-top button misconfigured and navigates to My Account page instead of scrolling. Reporting this issue for developer attention.\nBrowser Console Logs:\n[ERROR] Warning: Prop `%s` did not match. Server: %s Client: %s%s className \"__variable_f367f3 __variable_0a80b4 __variable_054274 light\" \"__variable_f367f3 __variable_0a80b4 __variable_054274\" \n    at html\n    at RootLayout (Server)\n    at RedirectErrorBoundary (webpack-internal:///(app-pages-browser)/./node_modules/next/dist/client/components/redirect-boundary.js:74:9)\n    at RedirectBoundary (webpack-internal:///(app-pages-browser)/./node_modules/next/dist/client/components/redirect-boundary.js:82:11)\n    at NotFoundErrorBoundary (webpack-internal:///(app-pages-browser)/./node_modules/next/dist/client/components/not-found-boundary.js:76:9)\n    at NotFoundBoundary (webpack-internal:///(app-pages-browser)/./node_modules/next/dist/client/components/not-found-boundary.js:84:11)\n    at DevRootNotFoundBoundary (webpack-internal:///(app-pages-browser)/./node_modules/next/dist/client/components/dev-root-not-found-boundary.js:33:11)\n    at ReactDevOverlay (webpack-internal:///(app-pages-browser)/./node_modules/next/dist/client/components/react-dev-overlay/app/ReactDevOverlay.js:87:9)\n    at HotReload (webpack-internal:///(app-pages-browser)/./node_modules/next/dist/client/components/react-dev-overlay/app/hot-reloader-client.js:321:11)\n    at Router (webpack-internal:///(app-pages-browser)/./node_modules/next/dist/client/components/app-router.js:207:11)\n    at ErrorBoundaryHandler (webpack-internal:///(app-pages-browser)/./node_modules/next/dist/client/components/error-boundary.js:113:9)\n    at ErrorBoundary (webpack-internal:///(app-pages-browser)/./node_modules/next/dist/client/components/error-boundary.js:160:11)\n    at AppRouter (webpack-internal:///(app-pages-browser)/./node_modules/next/dist/client/components/app-router.js:585:13)\n    at ServerRoot (webpack-internal:///(app-pages-browser)/./node_modules/next/dist/client/app-index.js:112:27)\n    at Root (webpack-internal:///(app-pages-browser)/./node_modules/next/dist/client/app-index.js:117:11) (at webpack-internal:///(app-pages-browser)/./node_modules/next/dist/client/app-index.js:32:21)\n[WARNING] Image with src \"https://images.unsplash.com/photo-1605100804763-247f67b3557e?w=800\" has \"fill\" and a height value of 0. This is likely because the parent element of the image has not been styled to have a set height. (at webpack-internal:///(app-pages-browser)/./node_modules/next/dist/shared/lib/utils/warn-once.js:15:20)\n[WARNING] Image with src \"https://images.unsplash.com/photo-1599643478518-a784e5dc4c8f?w=800\" has \"fill\" and a height value of 0. This is likely because the parent element of the image has not been styled to have a set height. (at webpack-internal:///(app-pages-browser)/./node_modules/next/dist/shared/lib/utils/warn-once.js:15:20)\n[WARNING] Image with src \"https://images.unsplash.com/photo-1535632066927-ab7c9ab60908?w=800\" has \"fill\" and a height value of 0. This is likely because the parent element of the image has not been styled to have a set height. (at webpack-internal:///(app-pages-browser)/./node_modules/next/dist/shared/lib/utils/warn-once.js:15:20)\n[WARNING] Image with src \"https://images.unsplash.com/photo-1611591437281-460bfbe1220a?w=800\" has \"fill\" and a height value of 0. This is likely because the parent element of the image has not been styled to have a set height. (at webpack-internal:///(app-pages-browser)/./node_modules/next/dist/shared/lib/utils/warn-once.js:15:20)\n[WARNING] Image with src \"https://images.unsplash.com/photo-1515562141207-7a88fb7ce338?w=800\" has \"fill\" and a height value of 0. This is likely because the parent element of the image has not been styled to have a set height. (at webpack-internal:///(app-pages-browser)/./node_modules/next/dist/shared/lib/utils/warn-once.js:15:20)\n[WARNING] Image with src \"https://images.unsplash.com/photo-1506630448388-4e683c67ddb0?w=800\" has \"fill\" and a height value of 0. This is likely because the parent element of the image has not been styled to have a set height. (at webpack-internal:///(app-pages-browser)/./node_modules/next/dist/shared/lib/utils/warn-once.js:15:20)\n[WARNING] Image with src \"https://images.unsplash.com/photo-1611652022419-a9419f74343d?w=800\" has \"fill\" and a height value of 0. This is likely because the parent element of the image has not been styled to have a set height. (at webpack-internal:///(app-pages-browser)/./node_modules/next/dist/shared/lib/utils/warn-once.js:15:20)\n[WARNING] Image with src \"https://images.unsplash.com/photo-1544376664-80b17f09d399?w=800\" has \"fill\" and a height value of 0. This is likely because the parent element of the image has not been styled to have a set height. (at webpack-internal:///(app-pages-browser)/./node_modules/next/dist/shared/lib/utils/warn-once.js:15:20)",
    "testType": "FRONTEND",
    "createFrom": "mcp",
    "testVisualization": "https://testsprite-videos.s3.us-east-1.amazonaws.com/14587408-2041-709c-2dd9-ad292a904eac/1767287369301192//tmp/test_task/result.webm",
    "created": "2026-01-01T17:04:17.704Z",
    "modified": "2026-01-01T17:09:29.448Z"
  },
  {
    "projectId": "93a824dc-ff59-41a3-bb5d-aa09ef77071a",
    "testId": "45d9e5e5-d341-43e8-9784-3c8a4aaf70ef",
    "userId": "14587408-2041-709c-2dd9-ad292a904eac",
    "title": "TC015-Critical user flows covered by unit, integration, and E2E tests",
    "description": "Confirm that code coverage meets specified thresholds by running unit, integration, and end-to-end tests across critical paths like login, product browsing, cart, and checkout.",
    "code": "import asyncio\nfrom playwright import async_api\nfrom playwright.async_api import expect\n\nasync def run_test():\n    pw = None\n    browser = None\n    context = None\n    \n    try:\n        # Start a Playwright session in asynchronous mode\n        pw = await async_api.async_playwright().start()\n        \n        # Launch a Chromium browser in headless mode with custom arguments\n        browser = await pw.chromium.launch(\n            headless=True,\n            args=[\n                \"--window-size=1280,720\",         # Set the browser window size\n                \"--disable-dev-shm-usage\",        # Avoid using /dev/shm which can cause issues in containers\n                \"--ipc=host\",                     # Use host-level IPC for better stability\n                \"--single-process\"                # Run the browser in a single process mode\n            ],\n        )\n        \n        # Create a new browser context (like an incognito window)\n        context = await browser.new_context()\n        context.set_default_timeout(5000)\n        \n        # Open a new page in the browser context\n        page = await context.new_page()\n        \n        # Navigate to your target URL and wait until the network request is committed\n        await page.goto(\"http://localhost:3000\", wait_until=\"commit\", timeout=10000)\n        \n        # Wait for the main page to reach DOMContentLoaded state (optional for stability)\n        try:\n            await page.wait_for_load_state(\"domcontentloaded\", timeout=3000)\n        except async_api.Error:\n            pass\n        \n        # Iterate through all iframes and wait for them to load as well\n        for frame in page.frames:\n            try:\n                await frame.wait_for_load_state(\"domcontentloaded\", timeout=3000)\n            except async_api.Error:\n                pass\n        \n        # Interact with the page elements to simulate user flow\n        # -> Click on Admin button to login and run tests requiring admin access.\n        frame = context.pages[-1]\n        # Click on Admin button to access admin login for testing\n        elem = frame.locator('xpath=html/body/div/main/section[2]/div/div[3]/div[2]/div/div/a').nth(0)\n        await page.wait_for_timeout(3000); await elem.click(timeout=5000)\n        \n\n        # -> Click Admin button again to open login form or find login form to input credentials.\n        frame = context.pages[-1]\n        # Click Admin button to open login form for admin access\n        elem = frame.locator('xpath=html/body/div/header/div[2]/div/div[2]/a[3]/button').nth(0)\n        await page.wait_for_timeout(3000); await elem.click(timeout=5000)\n        \n\n        # -> Input admin email and password, then click Sign In to log in.\n        frame = context.pages[-1]\n        # Input admin email address\n        elem = frame.locator('xpath=html/body/div/div/form/div/div/input').nth(0)\n        await page.wait_for_timeout(3000); await elem.fill('admin@ajabhijewels.com')\n        \n\n        frame = context.pages[-1]\n        # Input admin password\n        elem = frame.locator('xpath=html/body/div/div/form/div[2]/div/input').nth(0)\n        await page.wait_for_timeout(3000); await elem.fill('admin123')\n        \n\n        frame = context.pages[-1]\n        # Click Sign In button to log in as admin\n        elem = frame.locator('xpath=html/body/div/div/form/button').nth(0)\n        await page.wait_for_timeout(3000); await elem.click(timeout=5000)\n        \n\n        # -> Run all unit tests and verify coverage report.\n        frame = context.pages[-1]\n        # Click Settings to find test or coverage options\n        elem = frame.locator('xpath=html/body/div/div/nav/a[6]').nth(0)\n        await page.wait_for_timeout(3000); await elem.click(timeout=5000)\n        \n\n        frame = context.pages[-1]\n        # Click Settings again if needed to open test settings or coverage report section\n        elem = frame.locator('xpath=html/body/div/div/nav/a[6]').nth(0)\n        await page.wait_for_timeout(3000); await elem.click(timeout=5000)\n        \n\n        # -> Try to run tests via command line or find a test or reports section in the admin panel or dashboard.\n        frame = context.pages[-1]\n        # Click Dashboard to check for test or reports section\n        elem = frame.locator('xpath=html/body/div/div/nav/a').nth(0)\n        await page.wait_for_timeout(3000); await elem.click(timeout=5000)\n        \n\n        # -> Open a new tab and navigate to the main site homepage (http://localhost:3000) to reset state and try alternative ways to run tests or get coverage reports.\n        await page.goto('about:blank', timeout=10000)\n        await asyncio.sleep(3)\n        \n\n        await page.goto('http://localhost:3000', timeout=10000)\n        await asyncio.sleep(3)\n        \n\n        # --> Assertions to verify final state\n        frame = context.pages[-1]\n        try:\n            await expect(frame.locator('text=Test Coverage 100% Achieved').first).to_be_visible(timeout=1000)\n        except AssertionError:\n            raise AssertionError('Test plan execution failed: Code coverage thresholds for unit, integration, and E2E tests were not met as required.')\n        await asyncio.sleep(5)\n    \n    finally:\n        if context:\n            await context.close()\n        if browser:\n            await browser.close()\n        if pw:\n            await pw.stop()\n            \nasyncio.run(run_test())\n    ",
    "testStatus": "FAILED",
    "testError": "I have logged in as admin and explored the admin panel and homepage but could not find any UI options to run tests or view coverage reports. Attempts to navigate to a terminal or command line interface within the app failed. Please confirm if running the unit, integration, and end-to-end tests externally via command line or CI/CD pipeline is acceptable, so I can assist accordingly.\nBrowser Console Logs:\n[ERROR] Warning: Prop `%s` did not match. Server: %s Client: %s%s className \"__variable_f367f3 __variable_0a80b4 __variable_054274 light\" \"__variable_f367f3 __variable_0a80b4 __variable_054274\" \n    at html\n    at RootLayout (Server)\n    at RedirectErrorBoundary (webpack-internal:///(app-pages-browser)/./node_modules/next/dist/client/components/redirect-boundary.js:74:9)\n    at RedirectBoundary (webpack-internal:///(app-pages-browser)/./node_modules/next/dist/client/components/redirect-boundary.js:82:11)\n    at NotFoundErrorBoundary (webpack-internal:///(app-pages-browser)/./node_modules/next/dist/client/components/not-found-boundary.js:76:9)\n    at NotFoundBoundary (webpack-internal:///(app-pages-browser)/./node_modules/next/dist/client/components/not-found-boundary.js:84:11)\n    at DevRootNotFoundBoundary (webpack-internal:///(app-pages-browser)/./node_modules/next/dist/client/components/dev-root-not-found-boundary.js:33:11)\n    at ReactDevOverlay (webpack-internal:///(app-pages-browser)/./node_modules/next/dist/client/components/react-dev-overlay/app/ReactDevOverlay.js:87:9)\n    at HotReload (webpack-internal:///(app-pages-browser)/./node_modules/next/dist/client/components/react-dev-overlay/app/hot-reloader-client.js:321:11)\n    at Router (webpack-internal:///(app-pages-browser)/./node_modules/next/dist/client/components/app-router.js:207:11)\n    at ErrorBoundaryHandler (webpack-internal:///(app-pages-browser)/./node_modules/next/dist/client/components/error-boundary.js:113:9)\n    at ErrorBoundary (webpack-internal:///(app-pages-browser)/./node_modules/next/dist/client/components/error-boundary.js:160:11)\n    at AppRouter (webpack-internal:///(app-pages-browser)/./node_modules/next/dist/client/components/app-router.js:585:13)\n    at ServerRoot (webpack-internal:///(app-pages-browser)/./node_modules/next/dist/client/app-index.js:112:27)\n    at Root (webpack-internal:///(app-pages-browser)/./node_modules/next/dist/client/app-index.js:117:11) (at webpack-internal:///(app-pages-browser)/./node_modules/next/dist/client/app-index.js:32:21)\n[WARNING] Image with src \"https://images.unsplash.com/photo-1605100804763-247f67b3557e?w=800\" has \"fill\" and a height value of 0. This is likely because the parent element of the image has not been styled to have a set height. (at webpack-internal:///(app-pages-browser)/./node_modules/next/dist/shared/lib/utils/warn-once.js:15:20)\n[WARNING] Image with src \"https://images.unsplash.com/photo-1599643478518-a784e5dc4c8f?w=800\" has \"fill\" and a height value of 0. This is likely because the parent element of the image has not been styled to have a set height. (at webpack-internal:///(app-pages-browser)/./node_modules/next/dist/shared/lib/utils/warn-once.js:15:20)\n[WARNING] Image with src \"https://images.unsplash.com/photo-1535632066927-ab7c9ab60908?w=800\" has \"fill\" and a height value of 0. This is likely because the parent element of the image has not been styled to have a set height. (at webpack-internal:///(app-pages-browser)/./node_modules/next/dist/shared/lib/utils/warn-once.js:15:20)\n[WARNING] Image with src \"https://images.unsplash.com/photo-1611591437281-460bfbe1220a?w=800\" has \"fill\" and a height value of 0. This is likely because the parent element of the image has not been styled to have a set height. (at webpack-internal:///(app-pages-browser)/./node_modules/next/dist/shared/lib/utils/warn-once.js:15:20)\n[WARNING] Image with src \"https://images.unsplash.com/photo-1515562141207-7a88fb7ce338?w=800\" has \"fill\" and a height value of 0. This is likely because the parent element of the image has not been styled to have a set height. (at webpack-internal:///(app-pages-browser)/./node_modules/next/dist/shared/lib/utils/warn-once.js:15:20)\n[WARNING] Image with src \"https://images.unsplash.com/photo-1506630448388-4e683c67ddb0?w=800\" has \"fill\" and a height value of 0. This is likely because the parent element of the image has not been styled to have a set height. (at webpack-internal:///(app-pages-browser)/./node_modules/next/dist/shared/lib/utils/warn-once.js:15:20)\n[ERROR] Warning: Prop `%s` did not match. Server: %s Client: %s%s className \"__variable_f367f3 __variable_0a80b4 __variable_054274 light\" \"__variable_f367f3 __variable_0a80b4 __variable_054274\" \n    at html\n    at RootLayout (Server)\n    at RedirectErrorBoundary (webpack-internal:///(app-pages-browser)/./node_modules/next/dist/client/components/redirect-boundary.js:74:9)\n    at RedirectBoundary (webpack-internal:///(app-pages-browser)/./node_modules/next/dist/client/components/redirect-boundary.js:82:11)\n    at NotFoundErrorBoundary (webpack-internal:///(app-pages-browser)/./node_modules/next/dist/client/components/not-found-boundary.js:76:9)\n    at NotFoundBoundary (webpack-internal:///(app-pages-browser)/./node_modules/next/dist/client/components/not-found-boundary.js:84:11)\n    at DevRootNotFoundBoundary (webpack-internal:///(app-pages-browser)/./node_modules/next/dist/client/components/dev-root-not-found-boundary.js:33:11)\n    at ReactDevOverlay (webpack-internal:///(app-pages-browser)/./node_modules/next/dist/client/components/react-dev-overlay/app/ReactDevOverlay.js:87:9)\n    at HotReload (webpack-internal:///(app-pages-browser)/./node_modules/next/dist/client/components/react-dev-overlay/app/hot-reloader-client.js:321:11)\n    at Router (webpack-internal:///(app-pages-browser)/./node_modules/next/dist/client/components/app-router.js:207:11)\n    at ErrorBoundaryHandler (webpack-internal:///(app-pages-browser)/./node_modules/next/dist/client/components/error-boundary.js:113:9)\n    at ErrorBoundary (webpack-internal:///(app-pages-browser)/./node_modules/next/dist/client/components/error-boundary.js:160:11)\n    at AppRouter (webpack-internal:///(app-pages-browser)/./node_modules/next/dist/client/components/app-router.js:585:13)\n    at ServerRoot (webpack-internal:///(app-pages-browser)/./node_modules/next/dist/client/app-index.js:112:27)\n    at Root (webpack-internal:///(app-pages-browser)/./node_modules/next/dist/client/app-index.js:117:11) (at webpack-internal:///(app-pages-browser)/./node_modules/next/dist/client/app-index.js:32:21)\n[WARNING] Image with src \"https://images.unsplash.com/photo-1605100804763-247f67b3557e?w=800\" has \"fill\" and a height value of 0. This is likely because the parent element of the image has not been styled to have a set height. (at webpack-internal:///(app-pages-browser)/./node_modules/next/dist/shared/lib/utils/warn-once.js:15:20)\n[WARNING] Image with src \"https://images.unsplash.com/photo-1599643478518-a784e5dc4c8f?w=800\" has \"fill\" and a height value of 0. This is likely because the parent element of the image has not been styled to have a set height. (at webpack-internal:///(app-pages-browser)/./node_modules/next/dist/shared/lib/utils/warn-once.js:15:20)\n[WARNING] Image with src \"https://images.unsplash.com/photo-1535632066927-ab7c9ab60908?w=800\" has \"fill\" and a height value of 0. This is likely because the parent element of the image has not been styled to have a set height. (at webpack-internal:///(app-pages-browser)/./node_modules/next/dist/shared/lib/utils/warn-once.js:15:20)\n[WARNING] Image with src \"https://images.unsplash.com/photo-1611591437281-460bfbe1220a?w=800\" has \"fill\" and a height value of 0. This is likely because the parent element of the image has not been styled to have a set height. (at webpack-internal:///(app-pages-browser)/./node_modules/next/dist/shared/lib/utils/warn-once.js:15:20)\n[WARNING] Image with src \"https://images.unsplash.com/photo-1515562141207-7a88fb7ce338?w=800\" has \"fill\" and a height value of 0. This is likely because the parent element of the image has not been styled to have a set height. (at webpack-internal:///(app-pages-browser)/./node_modules/next/dist/shared/lib/utils/warn-once.js:15:20)\n[WARNING] Image with src \"https://images.unsplash.com/photo-1506630448388-4e683c67ddb0?w=800\" has \"fill\" and a height value of 0. This is likely because the parent element of the image has not been styled to have a set height. (at webpack-internal:///(app-pages-browser)/./node_modules/next/dist/shared/lib/utils/warn-once.js:15:20)",
    "testType": "FRONTEND",
    "createFrom": "mcp",
    "testVisualization": "https://testsprite-videos.s3.us-east-1.amazonaws.com/14587408-2041-709c-2dd9-ad292a904eac/1767287628812056//tmp/test_task/result.webm",
    "created": "2026-01-01T17:04:17.710Z",
    "modified": "2026-01-01T17:13:48.997Z"
  }
]
